[35m[1mScanning dependencies of target rosgraph_msgs_generate_messages_nodejs[0m
[35m[1mScanning dependencies of target dvs_msgs_generate_messages_nodejs[0m
[35m[1mScanning dependencies of target std_msgs_generate_messages_eus[0m
[35m[1mScanning dependencies of target geometry_msgs_generate_messages_py[0m
[35m[1mScanning dependencies of target rosgraph_msgs_generate_messages_lisp[0m
[35m[1mScanning dependencies of target dvs_msgs_generate_messages_py[0m
[35m[1mScanning dependencies of target rosgraph_msgs_generate_messages_eus[0m
[35m[1mScanning dependencies of target rosgraph_msgs_generate_messages_py[0m
[  0%] Built target rosgraph_msgs_generate_messages_nodejs
[  0%] Built target rosgraph_msgs_generate_messages_py
[  0%] Built target dvs_msgs_generate_messages_py
[  0%] Built target geometry_msgs_generate_messages_py
[  0%] Built target std_msgs_generate_messages_eus
[  0%] Built target rosgraph_msgs_generate_messages_lisp
[  0%] Built target dvs_msgs_generate_messages_nodejs
[  0%] Built target rosgraph_msgs_generate_messages_eus
[35m[1mScanning dependencies of target dvs_msgs_generate_messages_cpp[0m
[35m[1mScanning dependencies of target geometry_msgs_generate_messages_eus[0m
[35m[1mScanning dependencies of target rosgraph_msgs_generate_messages_cpp[0m
[35m[1mScanning dependencies of target roscpp_generate_messages_lisp[0m
[35m[1mScanning dependencies of target std_msgs_generate_messages_py[0m
[35m[1mScanning dependencies of target roscpp_generate_messages_py[0m
[35m[1mScanning dependencies of target roscpp_generate_messages_nodejs[0m
[35m[1mScanning dependencies of target roscpp_generate_messages_eus[0m
[  0%] Built target rosgraph_msgs_generate_messages_cpp
[  0%] Built target geometry_msgs_generate_messages_eus
[  0%] Built target roscpp_generate_messages_py
[  0%] Built target dvs_msgs_generate_messages_cpp
[  0%] Built target roscpp_generate_messages_lisp
[  0%] Built target std_msgs_generate_messages_py
[  0%] Built target roscpp_generate_messages_eus
[  0%] Built target roscpp_generate_messages_nodejs
[35m[1mScanning dependencies of target std_msgs_generate_messages_nodejs[0m
[35m[1mScanning dependencies of target dvs_msgs_generate_messages_eus[0m
[35m[1mScanning dependencies of target geometry_msgs_generate_messages_nodejs[0m
[35m[1mScanning dependencies of target std_msgs_generate_messages_cpp[0m
[35m[1mScanning dependencies of target sensor_msgs_generate_messages_py[0m
[35m[1mScanning dependencies of target sensor_msgs_generate_messages_cpp[0m
[35m[1mScanning dependencies of target sensor_msgs_generate_messages_eus[0m
[35m[1mScanning dependencies of target std_msgs_generate_messages_lisp[0m
[  0%] Built target geometry_msgs_generate_messages_nodejs
[  0%] Built target dvs_msgs_generate_messages_eus
[  0%] Built target std_msgs_generate_messages_cpp
[  0%] Built target std_msgs_generate_messages_nodejs
[  0%] Built target sensor_msgs_generate_messages_py
[35m[1mScanning dependencies of target roscpp_generate_messages_cpp[0m
[  0%] Built target sensor_msgs_generate_messages_cpp
[  0%] Built target std_msgs_generate_messages_lisp
[  0%] Built target sensor_msgs_generate_messages_eus
[35m[1mScanning dependencies of target sensor_msgs_generate_messages_nodejs[0m
[35m[1mScanning dependencies of target dvs_msgs_generate_messages_lisp[0m
[35m[1mScanning dependencies of target geometry_msgs_generate_messages_cpp[0m
[  0%] Built target roscpp_generate_messages_cpp
[35m[1mScanning dependencies of target sensor_msgs_generate_messages_lisp[0m
[35m[1mScanning dependencies of target geometry_msgs_generate_messages_lisp[0m
[  0%] Built target sensor_msgs_generate_messages_nodejs
[  0%] Built target dvs_msgs_generate_messages_lisp
[  0%] Built target geometry_msgs_generate_messages_cpp
[  0%] Built target sensor_msgs_generate_messages_lisp
[  0%] Built target geometry_msgs_generate_messages_lisp
[35m[1mScanning dependencies of target camera_dvs[0m
[35m[1mScanning dependencies of target mono[0m
[35m[1mScanning dependencies of target stereo[0m
[  4%] [32mBuilding CXX object CMakeFiles/mono.dir/src/mono_node.cpp.o[0m
[  9%] [32mBuilding CXX object CMakeFiles/camera_dvs.dir/src/camera_dvs_node.cpp.o[0m
[ 14%] [32mBuilding CXX object CMakeFiles/stereo.dir/src/stereo_node.cpp.o[0m
[ 19%] [32mBuilding CXX object CMakeFiles/camera_dvs.dir/src/camera_dvs_calibration.cpp.o[0m
[ 23%] [32mBuilding CXX object CMakeFiles/camera_dvs.dir/src/dvs_calibration.cpp.o[0m
[ 28%] [32mBuilding CXX object CMakeFiles/camera_dvs.dir/src/circlesgrid.cpp.o[0m
[ 33%] [32mBuilding CXX object CMakeFiles/camera_dvs.dir/src/board_detection.cpp.o[0m
[ 38%] [32mBuilding CXX object CMakeFiles/stereo.dir/src/stereo_dvs_calibration.cpp.o[0m
[01m[K/home/egronda/sunfest/src/catkin_ws/src/rpg_dvs_ros/dvs_calibration/src/circlesgrid.cpp:[m[K In member function ‘[01m[Kbool CirclesGridFinder::isDetectionCorrect()[m[K’:
[01m[K/home/egronda/sunfest/src/catkin_ws/src/rpg_dvs_ros/dvs_calibration/src/circlesgrid.cpp:666:14:[m[K [01;31m[Kerror: [m[K‘[01m[Kcv::CirclesGridFinderParameters[m[K’ has not been declared
     case cv::[01;31m[KCirclesGridFinderParameters[m[K::SYMMETRIC_GRID:
              [01;31m[K^~~~~~~~~~~~~~~~~~~~~~~~~~~[m[K
[01m[K/home/egronda/sunfest/src/catkin_ws/src/rpg_dvs_ros/dvs_calibration/src/circlesgrid.cpp:686:14:[m[K [01;31m[Kerror: [m[K‘[01m[Kcv::CirclesGridFinderParameters[m[K’ has not been declared
     case cv::[01;31m[KCirclesGridFinderParameters[m[K::ASYMMETRIC_GRID:
              [01;31m[K^~~~~~~~~~~~~~~~~~~~~~~~~~~[m[K
CMakeFiles/camera_dvs.dir/build.make:134: recipe for target 'CMakeFiles/camera_dvs.dir/src/circlesgrid.cpp.o' failed
make[2]: *** [CMakeFiles/camera_dvs.dir/src/circlesgrid.cpp.o] Error 1
make[2]: *** Waiting for unfinished jobs....
[ 42%] [32mBuilding CXX object CMakeFiles/mono.dir/src/mono_dvs_calibration.cpp.o[0m
[ 47%] [32mBuilding CXX object CMakeFiles/stereo.dir/src/dvs_calibration.cpp.o[0m
[ 52%] [32mBuilding CXX object CMakeFiles/stereo.dir/src/circlesgrid.cpp.o[0m
[ 57%] [32mBuilding CXX object CMakeFiles/stereo.dir/src/board_detection.cpp.o[0m
[ 61%] [32mBuilding CXX object CMakeFiles/stereo.dir/src/transition_map.cpp.o[0m
[01m[K/home/egronda/sunfest/src/catkin_ws/src/rpg_dvs_ros/dvs_calibration/src/circlesgrid.cpp:[m[K In member function ‘[01m[Kbool CirclesGridFinder::isDetectionCorrect()[m[K’:
[01m[K/home/egronda/sunfest/src/catkin_ws/src/rpg_dvs_ros/dvs_calibration/src/circlesgrid.cpp:666:14:[m[K [01;31m[Kerror: [m[K‘[01m[Kcv::CirclesGridFinderParameters[m[K’ has not been declared
     case cv::[01;31m[KCirclesGridFinderParameters[m[K::SYMMETRIC_GRID:
              [01;31m[K^~~~~~~~~~~~~~~~~~~~~~~~~~~[m[K
[01m[K/home/egronda/sunfest/src/catkin_ws/src/rpg_dvs_ros/dvs_calibration/src/circlesgrid.cpp:686:14:[m[K [01;31m[Kerror: [m[K‘[01m[Kcv::CirclesGridFinderParameters[m[K’ has not been declared
     case cv::[01;31m[KCirclesGridFinderParameters[m[K::ASYMMETRIC_GRID:
              [01;31m[K^~~~~~~~~~~~~~~~~~~~~~~~~~~[m[K
[ 66%] [32mBuilding CXX object CMakeFiles/mono.dir/src/dvs_calibration.cpp.o[0m
[ 71%] [32mBuilding CXX object CMakeFiles/mono.dir/src/circlesgrid.cpp.o[0m
[ 76%] [32mBuilding CXX object CMakeFiles/mono.dir/src/board_detection.cpp.o[0m
CMakeFiles/stereo.dir/build.make:134: recipe for target 'CMakeFiles/stereo.dir/src/circlesgrid.cpp.o' failed
make[2]: *** [CMakeFiles/stereo.dir/src/circlesgrid.cpp.o] Error 1
make[2]: *** Waiting for unfinished jobs....
[ 80%] [32mBuilding CXX object CMakeFiles/mono.dir/src/transition_map.cpp.o[0m
[01m[K/home/egronda/sunfest/src/catkin_ws/src/rpg_dvs_ros/dvs_calibration/src/circlesgrid.cpp:[m[K In member function ‘[01m[Kbool CirclesGridFinder::isDetectionCorrect()[m[K’:
[01m[K/home/egronda/sunfest/src/catkin_ws/src/rpg_dvs_ros/dvs_calibration/src/circlesgrid.cpp:666:14:[m[K [01;31m[Kerror: [m[K‘[01m[Kcv::CirclesGridFinderParameters[m[K’ has not been declared
     case cv::[01;31m[KCirclesGridFinderParameters[m[K::SYMMETRIC_GRID:
              [01;31m[K^~~~~~~~~~~~~~~~~~~~~~~~~~~[m[K
[01m[K/home/egronda/sunfest/src/catkin_ws/src/rpg_dvs_ros/dvs_calibration/src/circlesgrid.cpp:686:14:[m[K [01;31m[Kerror: [m[K‘[01m[Kcv::CirclesGridFinderParameters[m[K’ has not been declared
     case cv::[01;31m[KCirclesGridFinderParameters[m[K::ASYMMETRIC_GRID:
              [01;31m[K^~~~~~~~~~~~~~~~~~~~~~~~~~~[m[K
CMakeFiles/mono.dir/build.make:134: recipe for target 'CMakeFiles/mono.dir/src/circlesgrid.cpp.o' failed
make[2]: *** [CMakeFiles/mono.dir/src/circlesgrid.cpp.o] Error 1
make[2]: *** Waiting for unfinished jobs....
CMakeFiles/Makefile2:96: recipe for target 'CMakeFiles/camera_dvs.dir/all' failed
make[1]: *** [CMakeFiles/camera_dvs.dir/all] Error 2
make[1]: *** Waiting for unfinished jobs....
CMakeFiles/Makefile2:162: recipe for target 'CMakeFiles/stereo.dir/all' failed
make[1]: *** [CMakeFiles/stereo.dir/all] Error 2
CMakeFiles/Makefile2:228: recipe for target 'CMakeFiles/mono.dir/all' failed
make[1]: *** [CMakeFiles/mono.dir/all] Error 2
Makefile:140: recipe for target 'all' failed
make: *** [all] Error 2
