In file included from [01m[K/opt/ros/melodic/include/ros/ros.h:40:0[m[K,
                 from [01m[K/home/egronda/sunfest/src/catkin_ws/src/rpg_dvs_ros/dvs_ros_driver/include/dvs_ros_driver/driver.h:5[m[K,
                 from [01m[K/home/egronda/sunfest/src/catkin_ws/src/rpg_dvs_ros/dvs_ros_driver/src/driver.cpp:3[m[K:
[01m[K/home/egronda/sunfest/src/catkin_ws/src/rpg_dvs_ros/dvs_ros_driver/src/driver.cpp:[m[K In constructor ‘[01m[Kdvs_ros_driver::DvsRosDriver::DvsRosDriver(ros::NodeHandle&, ros::NodeHandle)[m[K’:
[01m[K/home/egronda/sunfest/src/catkin_ws/src/rpg_dvs_ros/dvs_ros_driver/src/driver.cpp:49:25:[m[K [01;31m[Kerror: [m[K‘[01m[Kstruct caer_dvs128_info[m[K’ has no member named ‘[01m[KlogicVersion[m[K’
            dvs128_info_.[01;31m[Kl[m[KogicVersion);
                         [01;31m[K^[m[K
[01m[K/opt/ros/melodic/include/ros/console.h:348:165:[m[K [01;36m[Knote: [m[Kin definition of macro ‘[01m[KROSCONSOLE_PRINT_AT_LOCATION_WITH_FILTER[m[K’
     ::ros::console::print(filter, __rosconsole_define_location__loc.logger_, __rosconsole_define_location__loc.level_, __FILE__, __LINE__, __ROSCONSOLE_FUNCTION__, [01;36m[K__VA_ARGS__[m[K)
                                                                                                                                                                     [01;36m[K^~~~~~~~~~~[m[K
[01m[K/opt/ros/melodic/include/ros/console.h:387:7:[m[K [01;36m[Knote: [m[Kin expansion of macro ‘[01m[KROSCONSOLE_PRINT_AT_LOCATION[m[K’
       [01;36m[KROSCONSOLE_PRINT_AT_LOCATION[m[K(__VA_ARGS__); \
       [01;36m[K^~~~~~~~~~~~~~~~~~~~~~~~~~~~[m[K
[01m[K/opt/ros/melodic/include/ros/console.h:572:35:[m[K [01;36m[Knote: [m[Kin expansion of macro ‘[01m[KROS_LOG_COND[m[K’
 #define ROS_LOG(level, name, ...) [01;36m[KROS_LOG_COND[m[K(true, level, name, __VA_ARGS__)
                                   [01;36m[K^~~~~~~~~~~~[m[K
[01m[K/opt/ros/melodic/include/rosconsole/macros_generated.h:110:23:[m[K [01;36m[Knote: [m[Kin expansion of macro ‘[01m[KROS_LOG[m[K’
 #define ROS_INFO(...) [01;36m[KROS_LOG[m[K(::ros::console::levels::Info, ROSCONSOLE_DEFAULT_NAME, __VA_ARGS__)
                       [01;36m[K^~~~~~~[m[K
[01m[K/home/egronda/sunfest/src/catkin_ws/src/rpg_dvs_ros/dvs_ros_driver/src/driver.cpp:47:3:[m[K [01;36m[Knote: [m[Kin expansion of macro ‘[01m[KROS_INFO[m[K’
   [01;36m[KR[m[KOS_INFO("%s --- ID: %d, Master: %d, DVS X: %d, DVS Y: %d, Logic: %d.\n", dvs128_info_.deviceString,
   [01;36m[K^[m[K
In file included from [01m[K/opt/ros/melodic/include/ros/ros.h:40:0[m[K,
                 from [01m[K/home/egronda/sunfest/src/catkin_ws/src/rpg_dvs_ros/dvs_ros_driver/include/dvs_ros_driver/driver.h:5[m[K,
                 from [01m[K/home/egronda/sunfest/src/catkin_ws/src/rpg_dvs_ros/dvs_ros_driver/src/driver.cpp:3[m[K:
[01m[K/home/egronda/sunfest/src/catkin_ws/src/rpg_dvs_ros/dvs_ros_driver/src/driver.cpp:[m[K In constructor ‘[01m[Kdvs_ros_driver::DvsRosDriver::DvsRosDriver(ros::NodeHandle&, ros::NodeHandle)[m[K’:
[01m[K/home/egronda/sunfest/src/catkin_ws/src/rpg_dvs_ros/dvs_ros_driver/src/driver.cpp:49:25:[m[K [01;31m[Kerror: [m[K‘[01m[Kstruct caer_dvs128_info[m[K’ has no member named ‘[01m[KlogicVersion[m[K’
            dvs128_info_.[01;31m[Kl[m[KogicVersion);
                         [01;31m[K^[m[K
[01m[K/opt/ros/melodic/include/ros/console.h:348:165:[m[K [01;36m[Knote: [m[Kin definition of macro ‘[01m[KROSCONSOLE_PRINT_AT_LOCATION_WITH_FILTER[m[K’
     ::ros::console::print(filter, __rosconsole_define_location__loc.logger_, __rosconsole_define_location__loc.level_, __FILE__, __LINE__, __ROSCONSOLE_FUNCTION__, [01;36m[K__VA_ARGS__[m[K)
                                                                                                                                                                     [01;36m[K^~~~~~~~~~~[m[K
[01m[K/opt/ros/melodic/include/ros/console.h:387:7:[m[K [01;36m[Knote: [m[Kin expansion of macro ‘[01m[KROSCONSOLE_PRINT_AT_LOCATION[m[K’
       [01;36m[KROSCONSOLE_PRINT_AT_LOCATION[m[K(__VA_ARGS__); \
       [01;36m[K^~~~~~~~~~~~~~~~~~~~~~~~~~~~[m[K
[01m[K/opt/ros/melodic/include/ros/console.h:572:35:[m[K [01;36m[Knote: [m[Kin expansion of macro ‘[01m[KROS_LOG_COND[m[K’
 #define ROS_LOG(level, name, ...) [01;36m[KROS_LOG_COND[m[K(true, level, name, __VA_ARGS__)
                                   [01;36m[K^~~~~~~~~~~~[m[K
[01m[K/opt/ros/melodic/include/rosconsole/macros_generated.h:110:23:[m[K [01;36m[Knote: [m[Kin expansion of macro ‘[01m[KROS_LOG[m[K’
 #define ROS_INFO(...) [01;36m[KROS_LOG[m[K(::ros::console::levels::Info, ROSCONSOLE_DEFAULT_NAME, __VA_ARGS__)
                       [01;36m[K^~~~~~~[m[K
[01m[K/home/egronda/sunfest/src/catkin_ws/src/rpg_dvs_ros/dvs_ros_driver/src/driver.cpp:47:3:[m[K [01;36m[Knote: [m[Kin expansion of macro ‘[01m[KROS_INFO[m[K’
   [01;36m[KR[m[KOS_INFO("%s --- ID: %d, Master: %d, DVS X: %d, DVS Y: %d, Logic: %d.\n", dvs128_info_.deviceString,
   [01;36m[K^[m[K
make[2]: *** [CMakeFiles/dvs_ros_driver.dir/src/driver.cpp.o] Error 1
make[1]: *** [CMakeFiles/dvs_ros_driver.dir/all] Error 2
make[1]: *** Waiting for unfinished jobs....
make[2]: *** [CMakeFiles/dvs_ros_driver_nodelet.dir/src/driver.cpp.o] Error 1
make[1]: *** [CMakeFiles/dvs_ros_driver_nodelet.dir/all] Error 2
make: *** [all] Error 2
