Cloning into 'libcaer_src'...
Note: checking out '5d93b61d88b79a6ad66cca94300b9cd7e614f5f5'.

You are in 'detached HEAD' state. You can look around, make experimental
changes and commit them, and you can discard any commits you make in this
state without impacting any branches by performing another checkout.

If you want to create a new branch to retain commits you create, you may
do so (now or later) by using -b with the checkout command again. Example:

  git checkout -b <new-branch-name>

HEAD is now at 5d93b61 DAVIS/FrameUtils: fix demoisaic when ROI is enabled for frames.
make[3]: warning: jobserver unavailable: using -j1.  Add '+' to parent make rule.
In file included from [01m[K/home/egronda/sunfest_2019/src/catkin_ws/build/libcaer_catkin/libcaer_src-prefix/src/libcaer_src/src/usb_utils.h:12:0[m[K,
                 from [01m[K/home/egronda/sunfest_2019/src/catkin_ws/build/libcaer_catkin/libcaer_src-prefix/src/libcaer_src/src/usb_utils.c:1[m[K:
[01m[K/home/egronda/sunfest_2019/src/catkin_ws/build/libcaer_catkin/libcaer_src-prefix/src/libcaer_src/src/c11threads_posix.h:[m[K In function ‘[01m[Kthrd_create[m[K’:
[01m[K/home/egronda/sunfest_2019/src/catkin_ws/build/libcaer_catkin/libcaer_src-prefix/src/libcaer_src/src/c11threads_posix.h:43:32:[m[K [01;35m[Kwarning: [m[Kunknown option after ‘[01m[K#pragma GCC diagnostic[m[K’ kind [[01;35m[K-Wpragmas[m[K]
 #pragma GCC diagnostic ignored [01;35m[K"-Wcast-function-type"[m[K
                                [01;35m[K^~~~~~~~~~~~~~~~~~~~~~[m[K
In file included from [01m[K/home/egronda/sunfest_2019/src/catkin_ws/build/libcaer_catkin/libcaer_src-prefix/src/libcaer_src/src/data_exchange.h:12:0[m[K,
                 from [01m[K/home/egronda/sunfest_2019/src/catkin_ws/build/libcaer_catkin/libcaer_src-prefix/src/libcaer_src/src/container_generation.h:8[m[K,
                 from [01m[K/home/egronda/sunfest_2019/src/catkin_ws/build/libcaer_catkin/libcaer_src-prefix/src/libcaer_src/src/davis_common.h:10[m[K,
                 from [01m[K/home/egronda/sunfest_2019/src/catkin_ws/build/libcaer_catkin/libcaer_src-prefix/src/libcaer_src/src/davis.h:4[m[K,
                 from [01m[K/home/egronda/sunfest_2019/src/catkin_ws/build/libcaer_catkin/libcaer_src-prefix/src/libcaer_src/src/device_discover.c:3[m[K:
[01m[K/home/egronda/sunfest_2019/src/catkin_ws/build/libcaer_catkin/libcaer_src-prefix/src/libcaer_src/src/c11threads_posix.h:[m[K In function ‘[01m[Kthrd_create[m[K’:
[01m[K/home/egronda/sunfest_2019/src/catkin_ws/build/libcaer_catkin/libcaer_src-prefix/src/libcaer_src/src/c11threads_posix.h:43:32:[m[K [01;35m[Kwarning: [m[Kunknown option after ‘[01m[K#pragma GCC diagnostic[m[K’ kind [[01;35m[K-Wpragmas[m[K]
 #pragma GCC diagnostic ignored [01;35m[K"-Wcast-function-type"[m[K
                                [01;35m[K^~~~~~~~~~~~~~~~~~~~~~[m[K
In file included from [01m[K/home/egronda/sunfest_2019/src/catkin_ws/build/libcaer_catkin/libcaer_src-prefix/src/libcaer_src/src/data_exchange.h:12:0[m[K,
                 from [01m[K/home/egronda/sunfest_2019/src/catkin_ws/build/libcaer_catkin/libcaer_src-prefix/src/libcaer_src/src/container_generation.h:8[m[K,
                 from [01m[K/home/egronda/sunfest_2019/src/catkin_ws/build/libcaer_catkin/libcaer_src-prefix/src/libcaer_src/src/davis_common.h:10[m[K,
                 from [01m[K/home/egronda/sunfest_2019/src/catkin_ws/build/libcaer_catkin/libcaer_src-prefix/src/libcaer_src/src/davis.h:4[m[K,
                 from [01m[K/home/egronda/sunfest_2019/src/catkin_ws/build/libcaer_catkin/libcaer_src-prefix/src/libcaer_src/src/device.c:3[m[K:
[01m[K/home/egronda/sunfest_2019/src/catkin_ws/build/libcaer_catkin/libcaer_src-prefix/src/libcaer_src/src/c11threads_posix.h:[m[K In function ‘[01m[Kthrd_create[m[K’:
[01m[K/home/egronda/sunfest_2019/src/catkin_ws/build/libcaer_catkin/libcaer_src-prefix/src/libcaer_src/src/c11threads_posix.h:43:32:[m[K [01;35m[Kwarning: [m[Kunknown option after ‘[01m[K#pragma GCC diagnostic[m[K’ kind [[01;35m[K-Wpragmas[m[K]
 #pragma GCC diagnostic ignored [01;35m[K"-Wcast-function-type"[m[K
                                [01;35m[K^~~~~~~~~~~~~~~~~~~~~~[m[K
In file included from [01m[K/home/egronda/sunfest_2019/src/catkin_ws/build/libcaer_catkin/libcaer_src-prefix/src/libcaer_src/src/data_exchange.h:12:0[m[K,
                 from [01m[K/home/egronda/sunfest_2019/src/catkin_ws/build/libcaer_catkin/libcaer_src-prefix/src/libcaer_src/src/container_generation.h:8[m[K,
                 from [01m[K/home/egronda/sunfest_2019/src/catkin_ws/build/libcaer_catkin/libcaer_src-prefix/src/libcaer_src/src/dvs128.h:7[m[K,
                 from [01m[K/home/egronda/sunfest_2019/src/catkin_ws/build/libcaer_catkin/libcaer_src-prefix/src/libcaer_src/src/dvs128.c:1[m[K:
[01m[K/home/egronda/sunfest_2019/src/catkin_ws/build/libcaer_catkin/libcaer_src-prefix/src/libcaer_src/src/c11threads_posix.h:[m[K In function ‘[01m[Kthrd_create[m[K’:
[01m[K/home/egronda/sunfest_2019/src/catkin_ws/build/libcaer_catkin/libcaer_src-prefix/src/libcaer_src/src/c11threads_posix.h:43:32:[m[K [01;35m[Kwarning: [m[Kunknown option after ‘[01m[K#pragma GCC diagnostic[m[K’ kind [[01;35m[K-Wpragmas[m[K]
 #pragma GCC diagnostic ignored [01;35m[K"-Wcast-function-type"[m[K
                                [01;35m[K^~~~~~~~~~~~~~~~~~~~~~[m[K
In file included from [01m[K/home/egronda/sunfest_2019/src/catkin_ws/build/libcaer_catkin/libcaer_src-prefix/src/libcaer_src/include/libcaer/devices/../events/frame.h:19:0[m[K,
                 from [01m[K/home/egronda/sunfest_2019/src/catkin_ws/build/libcaer_catkin/libcaer_src-prefix/src/libcaer_src/include/libcaer/devices/davis.h:10[m[K,
                 from [01m[K/home/egronda/sunfest_2019/src/catkin_ws/build/libcaer_catkin/libcaer_src-prefix/src/libcaer_src/include/libcaer/devices/device_discover.h:11[m[K,
                 from [01m[K/home/egronda/sunfest_2019/src/catkin_ws/build/libcaer_catkin/libcaer_src-prefix/src/libcaer_src/src/dvs128.h:4[m[K,
                 from [01m[K/home/egronda/sunfest_2019/src/catkin_ws/build/libcaer_catkin/libcaer_src-prefix/src/libcaer_src/src/dvs128.c:1[m[K:
[01m[K/home/egronda/sunfest_2019/src/catkin_ws/build/libcaer_catkin/libcaer_src-prefix/src/libcaer_src/src/dvs128.c:[m[K In function ‘[01m[Kdvs128EventTranslator[m[K’:
[01m[K/home/egronda/sunfest_2019/src/catkin_ws/build/libcaer_catkin/libcaer_src-prefix/src/libcaer_src/include/libcaer/devices/../events/common.h:416:12:[m[K [01;35m[Kwarning: [m[Kassuming signed overflow does not occur when reducing constant in comparison [[01;35m[K-Wstrict-overflow[m[K]
  if ([01;35m[Kn < 0 || n >= caerEventPacketHeaderGetEventNumber(headerPtr)[m[K) {
      [01;35m[K~~~~~~^~~~~~~~~~~~~~~~~~~~~~~~~~~~~~~~~~~~~~~~~~~~~~~~~~~~~~[m[K
[01m[K/home/egronda/sunfest_2019/src/catkin_ws/build/libcaer_catkin/libcaer_src-prefix/src/libcaer_src/include/libcaer/devices/../events/common.h:416:12:[m[K [01;35m[Kwarning: [m[Kassuming signed overflow does not occur when reducing constant in comparison [[01;35m[K-Wstrict-overflow[m[K]
  if ([01;35m[Kn < 0 || n >= caerEventPacketHeaderGetEventNumber(headerPtr)[m[K) {
      [01;35m[K~~~~~~^~~~~~~~~~~~~~~~~~~~~~~~~~~~~~~~~~~~~~~~~~~~~~~~~~~~~~[m[K
[01m[K/home/egronda/sunfest_2019/src/catkin_ws/build/libcaer_catkin/libcaer_src-prefix/src/libcaer_src/include/libcaer/devices/../events/common.h:416:12:[m[K [01;35m[Kwarning: [m[Kassuming signed overflow does not occur when reducing constant in comparison [[01;35m[K-Wstrict-overflow[m[K]
  if ([01;35m[Kn < 0 || n >= caerEventPacketHeaderGetEventNumber(headerPtr)[m[K) {
      [01;35m[K~~~~~~^~~~~~~~~~~~~~~~~~~~~~~~~~~~~~~~~~~~~~~~~~~~~~~~~~~~~~[m[K
[01m[K/home/egronda/sunfest_2019/src/catkin_ws/build/libcaer_catkin/libcaer_src-prefix/src/libcaer_src/src/dvs128.c:567:13:[m[K [01;35m[Kwarning: [m[Kassuming signed overflow does not occur when changing X +- C1 cmp C2 to X cmp C2 -+ C1 [[01;35m[K-Wstrict-overflow[m[K]
 static void [01;35m[Kdvs128EventTranslator[m[K(void *vhd, const uint8_t *buffer, size_t bytesSent) {
             [01;35m[K^~~~~~~~~~~~~~~~~~~~~[m[K
[01m[K/home/egronda/sunfest_2019/src/catkin_ws/build/libcaer_catkin/libcaer_src-prefix/src/libcaer_src/src/dvs128.c:567:13:[m[K [01;35m[Kwarning: [m[Kassuming signed overflow does not occur when changing X +- C1 cmp C2 to X cmp C2 -+ C1 [[01;35m[K-Wstrict-overflow[m[K]
[01m[K/home/egronda/sunfest_2019/src/catkin_ws/build/libcaer_catkin/libcaer_src-prefix/src/libcaer_src/src/dvs128.c:567:13:[m[K [01;35m[Kwarning: [m[Kassuming signed overflow does not occur when changing X +- C1 cmp C2 to X cmp C2 -+ C1 [[01;35m[K-Wstrict-overflow[m[K]
In file included from [01m[K/home/egronda/sunfest_2019/src/catkin_ws/build/libcaer_catkin/libcaer_src-prefix/src/libcaer_src/include/libcaer/devices/../events/frame.h:19:0[m[K,
                 from [01m[K/home/egronda/sunfest_2019/src/catkin_ws/build/libcaer_catkin/libcaer_src-prefix/src/libcaer_src/include/libcaer/devices/davis.h:10[m[K,
                 from [01m[K/home/egronda/sunfest_2019/src/catkin_ws/build/libcaer_catkin/libcaer_src-prefix/src/libcaer_src/include/libcaer/devices/device_discover.h:11[m[K,
                 from [01m[K/home/egronda/sunfest_2019/src/catkin_ws/build/libcaer_catkin/libcaer_src-prefix/src/libcaer_src/src/dvs128.h:4[m[K,
                 from [01m[K/home/egronda/sunfest_2019/src/catkin_ws/build/libcaer_catkin/libcaer_src-prefix/src/libcaer_src/src/dvs128.c:1[m[K:
[01m[K/home/egronda/sunfest_2019/src/catkin_ws/build/libcaer_catkin/libcaer_src-prefix/src/libcaer_src/src/dvs128.c:[m[K In function ‘[01m[Kdvs128DataStart[m[K’:
[01m[K/home/egronda/sunfest_2019/src/catkin_ws/build/libcaer_catkin/libcaer_src-prefix/src/libcaer_src/include/libcaer/devices/../events/common.h:416:12:[m[K [01;35m[Kwarning: [m[Kassuming signed overflow does not occur when reducing constant in comparison [[01;35m[K-Wstrict-overflow[m[K]
  if ([01;35m[Kn < 0 || n >= caerEventPacketHeaderGetEventNumber(headerPtr)[m[K) {
      [01;35m[K~~~~~~^~~~~~~~~~~~~~~~~~~~~~~~~~~~~~~~~~~~~~~~~~~~~~~~~~~~~~[m[K
[01m[K/home/egronda/sunfest_2019/src/catkin_ws/build/libcaer_catkin/libcaer_src-prefix/src/libcaer_src/include/libcaer/devices/../events/common.h:416:12:[m[K [01;35m[Kwarning: [m[Kassuming signed overflow does not occur when reducing constant in comparison [[01;35m[K-Wstrict-overflow[m[K]
  if ([01;35m[Kn < 0 || n >= caerEventPacketHeaderGetEventNumber(headerPtr)[m[K) {
      [01;35m[K~~~~~~^~~~~~~~~~~~~~~~~~~~~~~~~~~~~~~~~~~~~~~~~~~~~~~~~~~~~~[m[K
[01m[K/home/egronda/sunfest_2019/src/catkin_ws/build/libcaer_catkin/libcaer_src-prefix/src/libcaer_src/include/libcaer/devices/../events/common.h:416:12:[m[K [01;35m[Kwarning: [m[Kassuming signed overflow does not occur when reducing constant in comparison [[01;35m[K-Wstrict-overflow[m[K]
  if ([01;35m[Kn < 0 || n >= caerEventPacketHeaderGetEventNumber(headerPtr)[m[K) {
      [01;35m[K~~~~~~^~~~~~~~~~~~~~~~~~~~~~~~~~~~~~~~~~~~~~~~~~~~~~~~~~~~~~[m[K
[01m[K/home/egronda/sunfest_2019/src/catkin_ws/build/libcaer_catkin/libcaer_src-prefix/src/libcaer_src/include/libcaer/devices/../events/common.h:416:12:[m[K [01;35m[Kwarning: [m[Kassuming signed overflow does not occur when reducing constant in comparison [[01;35m[K-Wstrict-overflow[m[K]
  if ([01;35m[Kn < 0 || n >= caerEventPacketHeaderGetEventNumber(headerPtr)[m[K) {
      [01;35m[K~~~~~~^~~~~~~~~~~~~~~~~~~~~~~~~~~~~~~~~~~~~~~~~~~~~~~~~~~~~~[m[K
[01m[K/home/egronda/sunfest_2019/src/catkin_ws/build/libcaer_catkin/libcaer_src-prefix/src/libcaer_src/include/libcaer/devices/../events/common.h:416:12:[m[K [01;35m[Kwarning: [m[Kassuming signed overflow does not occur when reducing constant in comparison [[01;35m[K-Wstrict-overflow[m[K]
  if ([01;35m[Kn < 0 || n >= caerEventPacketHeaderGetEventNumber(headerPtr)[m[K) {
      [01;35m[K~~~~~~^~~~~~~~~~~~~~~~~~~~~~~~~~~~~~~~~~~~~~~~~~~~~~~~~~~~~~[m[K
[01m[K/home/egronda/sunfest_2019/src/catkin_ws/build/libcaer_catkin/libcaer_src-prefix/src/libcaer_src/include/libcaer/devices/../events/common.h:416:12:[m[K [01;35m[Kwarning: [m[Kassuming signed overflow does not occur when reducing constant in comparison [[01;35m[K-Wstrict-overflow[m[K]
  if ([01;35m[Kn < 0 || n >= caerEventPacketHeaderGetEventNumber(headerPtr)[m[K) {
      [01;35m[K~~~~~~^~~~~~~~~~~~~~~~~~~~~~~~~~~~~~~~~~~~~~~~~~~~~~~~~~~~~~[m[K
[01m[K/home/egronda/sunfest_2019/src/catkin_ws/build/libcaer_catkin/libcaer_src-prefix/src/libcaer_src/include/libcaer/devices/../events/common.h:416:12:[m[K [01;35m[Kwarning: [m[Kassuming signed overflow does not occur when reducing constant in comparison [[01;35m[K-Wstrict-overflow[m[K]
  if ([01;35m[Kn < 0 || n >= caerEventPacketHeaderGetEventNumber(headerPtr)[m[K) {
      [01;35m[K~~~~~~^~~~~~~~~~~~~~~~~~~~~~~~~~~~~~~~~~~~~~~~~~~~~~~~~~~~~~[m[K
[01m[K/home/egronda/sunfest_2019/src/catkin_ws/build/libcaer_catkin/libcaer_src-prefix/src/libcaer_src/include/libcaer/devices/../events/common.h:416:12:[m[K [01;35m[Kwarning: [m[Kassuming signed overflow does not occur when reducing constant in comparison [[01;35m[K-Wstrict-overflow[m[K]
  if ([01;35m[Kn < 0 || n >= caerEventPacketHeaderGetEventNumber(headerPtr)[m[K) {
      [01;35m[K~~~~~~^~~~~~~~~~~~~~~~~~~~~~~~~~~~~~~~~~~~~~~~~~~~~~~~~~~~~~[m[K
[01m[K/home/egronda/sunfest_2019/src/catkin_ws/build/libcaer_catkin/libcaer_src-prefix/src/libcaer_src/src/dvs128.c:467:6:[m[K [01;35m[Kwarning: [m[Kassuming signed overflow does not occur when changing X +- C1 cmp C2 to X cmp C2 -+ C1 [[01;35m[K-Wstrict-overflow[m[K]
 bool [01;35m[Kdvs128DataStart[m[K(caerDeviceHandle cdh, void (*dataNotifyIncrease)(void *ptr), void (*dataNotifyDecrease)(void *ptr),
      [01;35m[K^~~~~~~~~~~~~~~[m[K
[01m[K/home/egronda/sunfest_2019/src/catkin_ws/build/libcaer_catkin/libcaer_src-prefix/src/libcaer_src/src/dvs128.c:467:6:[m[K [01;35m[Kwarning: [m[Kassuming signed overflow does not occur when changing X +- C1 cmp C2 to X cmp C2 -+ C1 [[01;35m[K-Wstrict-overflow[m[K]
[01m[K/home/egronda/sunfest_2019/src/catkin_ws/build/libcaer_catkin/libcaer_src-prefix/src/libcaer_src/src/dvs128.c:467:6:[m[K [01;35m[Kwarning: [m[Kassuming signed overflow does not occur when changing X +- C1 cmp C2 to X cmp C2 -+ C1 [[01;35m[K-Wstrict-overflow[m[K]
[01m[K/home/egronda/sunfest_2019/src/catkin_ws/build/libcaer_catkin/libcaer_src-prefix/src/libcaer_src/src/dvs128.c:467:6:[m[K [01;35m[Kwarning: [m[Kassuming signed overflow does not occur when changing X +- C1 cmp C2 to X cmp C2 -+ C1 [[01;35m[K-Wstrict-overflow[m[K]
[01m[K/home/egronda/sunfest_2019/src/catkin_ws/build/libcaer_catkin/libcaer_src-prefix/src/libcaer_src/src/dvs128.c:467:6:[m[K [01;35m[Kwarning: [m[Kassuming signed overflow does not occur when changing X +- C1 cmp C2 to X cmp C2 -+ C1 [[01;35m[K-Wstrict-overflow[m[K]
[01m[K/home/egronda/sunfest_2019/src/catkin_ws/build/libcaer_catkin/libcaer_src-prefix/src/libcaer_src/src/dvs128.c:467:6:[m[K [01;35m[Kwarning: [m[Kassuming signed overflow does not occur when changing X +- C1 cmp C2 to X cmp C2 -+ C1 [[01;35m[K-Wstrict-overflow[m[K]
[01m[K/home/egronda/sunfest_2019/src/catkin_ws/build/libcaer_catkin/libcaer_src-prefix/src/libcaer_src/src/dvs128.c:467:6:[m[K [01;35m[Kwarning: [m[Kassuming signed overflow does not occur when changing X +- C1 cmp C2 to X cmp C2 -+ C1 [[01;35m[K-Wstrict-overflow[m[K]
[01m[K/home/egronda/sunfest_2019/src/catkin_ws/build/libcaer_catkin/libcaer_src-prefix/src/libcaer_src/src/dvs128.c:467:6:[m[K [01;35m[Kwarning: [m[Kassuming signed overflow does not occur when changing X +- C1 cmp C2 to X cmp C2 -+ C1 [[01;35m[K-Wstrict-overflow[m[K]
In file included from [01m[K/home/egronda/sunfest_2019/src/catkin_ws/build/libcaer_catkin/libcaer_src-prefix/src/libcaer_src/include/libcaer/devices/../events/frame.h:19:0[m[K,
                 from [01m[K/home/egronda/sunfest_2019/src/catkin_ws/build/libcaer_catkin/libcaer_src-prefix/src/libcaer_src/include/libcaer/devices/davis.h:10[m[K,
                 from [01m[K/home/egronda/sunfest_2019/src/catkin_ws/build/libcaer_catkin/libcaer_src-prefix/src/libcaer_src/include/libcaer/devices/device_discover.h:11[m[K,
                 from [01m[K/home/egronda/sunfest_2019/src/catkin_ws/build/libcaer_catkin/libcaer_src-prefix/src/libcaer_src/src/dvs128.h:4[m[K,
                 from [01m[K/home/egronda/sunfest_2019/src/catkin_ws/build/libcaer_catkin/libcaer_src-prefix/src/libcaer_src/src/dvs128.c:1[m[K:
[01m[K/home/egronda/sunfest_2019/src/catkin_ws/build/libcaer_catkin/libcaer_src-prefix/src/libcaer_src/src/dvs128.c:[m[K In function ‘[01m[Kdvs128DataStop[m[K’:
[01m[K/home/egronda/sunfest_2019/src/catkin_ws/build/libcaer_catkin/libcaer_src-prefix/src/libcaer_src/include/libcaer/devices/../events/common.h:416:12:[m[K [01;35m[Kwarning: [m[Kassuming signed overflow does not occur when reducing constant in comparison [[01;35m[K-Wstrict-overflow[m[K]
  if ([01;35m[Kn < 0 || n >= caerEventPacketHeaderGetEventNumber(headerPtr)[m[K) {
      [01;35m[K~~~~~~^~~~~~~~~~~~~~~~~~~~~~~~~~~~~~~~~~~~~~~~~~~~~~~~~~~~~~[m[K
[01m[K/home/egronda/sunfest_2019/src/catkin_ws/build/libcaer_catkin/libcaer_src-prefix/src/libcaer_src/include/libcaer/devices/../events/common.h:416:12:[m[K [01;35m[Kwarning: [m[Kassuming signed overflow does not occur when reducing constant in comparison [[01;35m[K-Wstrict-overflow[m[K]
  if ([01;35m[Kn < 0 || n >= caerEventPacketHeaderGetEventNumber(headerPtr)[m[K) {
      [01;35m[K~~~~~~^~~~~~~~~~~~~~~~~~~~~~~~~~~~~~~~~~~~~~~~~~~~~~~~~~~~~~[m[K
[01m[K/home/egronda/sunfest_2019/src/catkin_ws/build/libcaer_catkin/libcaer_src-prefix/src/libcaer_src/src/dvs128.c:525:6:[m[K [01;35m[Kwarning: [m[Kassuming signed overflow does not occur when changing X +- C1 cmp C2 to X cmp C2 -+ C1 [[01;35m[K-Wstrict-overflow[m[K]
 bool [01;35m[Kdvs128DataStop[m[K(caerDeviceHandle cdh) {
      [01;35m[K^~~~~~~~~~~~~~[m[K
[01m[K/home/egronda/sunfest_2019/src/catkin_ws/build/libcaer_catkin/libcaer_src-prefix/src/libcaer_src/src/dvs128.c:525:6:[m[K [01;35m[Kwarning: [m[Kassuming signed overflow does not occur when changing X +- C1 cmp C2 to X cmp C2 -+ C1 [[01;35m[K-Wstrict-overflow[m[K]
In file included from [01m[K/home/egronda/sunfest_2019/src/catkin_ws/build/libcaer_catkin/libcaer_src-prefix/src/libcaer_src/src/data_exchange.h:12:0[m[K,
                 from [01m[K/home/egronda/sunfest_2019/src/catkin_ws/build/libcaer_catkin/libcaer_src-prefix/src/libcaer_src/src/container_generation.h:8[m[K,
                 from [01m[K/home/egronda/sunfest_2019/src/catkin_ws/build/libcaer_catkin/libcaer_src-prefix/src/libcaer_src/src/davis_common.h:10[m[K,
                 from [01m[K/home/egronda/sunfest_2019/src/catkin_ws/build/libcaer_catkin/libcaer_src-prefix/src/libcaer_src/src/davis.h:4[m[K,
                 from [01m[K/home/egronda/sunfest_2019/src/catkin_ws/build/libcaer_catkin/libcaer_src-prefix/src/libcaer_src/src/davis.c:1[m[K:
[01m[K/home/egronda/sunfest_2019/src/catkin_ws/build/libcaer_catkin/libcaer_src-prefix/src/libcaer_src/src/c11threads_posix.h:[m[K In function ‘[01m[Kthrd_create[m[K’:
[01m[K/home/egronda/sunfest_2019/src/catkin_ws/build/libcaer_catkin/libcaer_src-prefix/src/libcaer_src/src/c11threads_posix.h:43:32:[m[K [01;35m[Kwarning: [m[Kunknown option after ‘[01m[K#pragma GCC diagnostic[m[K’ kind [[01;35m[K-Wpragmas[m[K]
 #pragma GCC diagnostic ignored [01;35m[K"-Wcast-function-type"[m[K
                                [01;35m[K^~~~~~~~~~~~~~~~~~~~~~[m[K
In file included from [01m[K/home/egronda/sunfest_2019/src/catkin_ws/build/libcaer_catkin/libcaer_src-prefix/src/libcaer_src/include/libcaer/devices/../events/frame.h:19:0[m[K,
                 from [01m[K/home/egronda/sunfest_2019/src/catkin_ws/build/libcaer_catkin/libcaer_src-prefix/src/libcaer_src/include/libcaer/devices/davis.h:10[m[K,
                 from [01m[K/home/egronda/sunfest_2019/src/catkin_ws/build/libcaer_catkin/libcaer_src-prefix/src/libcaer_src/src/davis_common.h:4[m[K,
                 from [01m[K/home/egronda/sunfest_2019/src/catkin_ws/build/libcaer_catkin/libcaer_src-prefix/src/libcaer_src/src/davis.h:4[m[K,
                 from [01m[K/home/egronda/sunfest_2019/src/catkin_ws/build/libcaer_catkin/libcaer_src-prefix/src/libcaer_src/src/davis.c:1[m[K:
[01m[K/home/egronda/sunfest_2019/src/catkin_ws/build/libcaer_catkin/libcaer_src-prefix/src/libcaer_src/src/davis_common.h:[m[K In function ‘[01m[KfreeAllDataMemory[m[K’:
[01m[K/home/egronda/sunfest_2019/src/catkin_ws/build/libcaer_catkin/libcaer_src-prefix/src/libcaer_src/include/libcaer/devices/../events/common.h:416:12:[m[K [01;35m[Kwarning: [m[Kassuming signed overflow does not occur when reducing constant in comparison [[01;35m[K-Wstrict-overflow[m[K]
  if ([01;35m[Kn < 0 || n >= caerEventPacketHeaderGetEventNumber(headerPtr)[m[K) {
      [01;35m[K~~~~~~^~~~~~~~~~~~~~~~~~~~~~~~~~~~~~~~~~~~~~~~~~~~~~~~~~~~~~[m[K
[01m[K/home/egronda/sunfest_2019/src/catkin_ws/build/libcaer_catkin/libcaer_src-prefix/src/libcaer_src/include/libcaer/devices/../events/common.h:416:12:[m[K [01;35m[Kwarning: [m[Kassuming signed overflow does not occur when reducing constant in comparison [[01;35m[K-Wstrict-overflow[m[K]
  if ([01;35m[Kn < 0 || n >= caerEventPacketHeaderGetEventNumber(headerPtr)[m[K) {
      [01;35m[K~~~~~~^~~~~~~~~~~~~~~~~~~~~~~~~~~~~~~~~~~~~~~~~~~~~~~~~~~~~~[m[K
[01m[K/home/egronda/sunfest_2019/src/catkin_ws/build/libcaer_catkin/libcaer_src-prefix/src/libcaer_src/include/libcaer/devices/../events/common.h:416:12:[m[K [01;35m[Kwarning: [m[Kassuming signed overflow does not occur when reducing constant in comparison [[01;35m[K-Wstrict-overflow[m[K]
  if ([01;35m[Kn < 0 || n >= caerEventPacketHeaderGetEventNumber(headerPtr)[m[K) {
      [01;35m[K~~~~~~^~~~~~~~~~~~~~~~~~~~~~~~~~~~~~~~~~~~~~~~~~~~~~~~~~~~~~[m[K
[01m[K/home/egronda/sunfest_2019/src/catkin_ws/build/libcaer_catkin/libcaer_src-prefix/src/libcaer_src/include/libcaer/devices/../events/common.h:416:12:[m[K [01;35m[Kwarning: [m[Kassuming signed overflow does not occur when reducing constant in comparison [[01;35m[K-Wstrict-overflow[m[K]
  if ([01;35m[Kn < 0 || n >= caerEventPacketHeaderGetEventNumber(headerPtr)[m[K) {
      [01;35m[K~~~~~~^~~~~~~~~~~~~~~~~~~~~~~~~~~~~~~~~~~~~~~~~~~~~~~~~~~~~~[m[K
In file included from [01m[K/home/egronda/sunfest_2019/src/catkin_ws/build/libcaer_catkin/libcaer_src-prefix/src/libcaer_src/src/davis.h:4:0[m[K,
                 from [01m[K/home/egronda/sunfest_2019/src/catkin_ws/build/libcaer_catkin/libcaer_src-prefix/src/libcaer_src/src/davis.c:1[m[K:
[01m[K/home/egronda/sunfest_2019/src/catkin_ws/build/libcaer_catkin/libcaer_src-prefix/src/libcaer_src/src/davis_common.h:195:20:[m[K [01;35m[Kwarning: [m[Kassuming signed overflow does not occur when changing X +- C1 cmp C2 to X cmp C2 -+ C1 [[01;35m[K-Wstrict-overflow[m[K]
 static inline void [01;35m[KfreeAllDataMemory[m[K(davisCommonState state) {
                    [01;35m[K^~~~~~~~~~~~~~~~~[m[K
[01m[K/home/egronda/sunfest_2019/src/catkin_ws/build/libcaer_catkin/libcaer_src-prefix/src/libcaer_src/src/davis_common.h:195:20:[m[K [01;35m[Kwarning: [m[Kassuming signed overflow does not occur when changing X +- C1 cmp C2 to X cmp C2 -+ C1 [[01;35m[K-Wstrict-overflow[m[K]
[01m[K/home/egronda/sunfest_2019/src/catkin_ws/build/libcaer_catkin/libcaer_src-prefix/src/libcaer_src/src/davis_common.h:195:20:[m[K [01;35m[Kwarning: [m[Kassuming signed overflow does not occur when changing X +- C1 cmp C2 to X cmp C2 -+ C1 [[01;35m[K-Wstrict-overflow[m[K]
[01m[K/home/egronda/sunfest_2019/src/catkin_ws/build/libcaer_catkin/libcaer_src-prefix/src/libcaer_src/src/davis_common.h:195:20:[m[K [01;35m[Kwarning: [m[Kassuming signed overflow does not occur when changing X +- C1 cmp C2 to X cmp C2 -+ C1 [[01;35m[K-Wstrict-overflow[m[K]
In file included from [01m[K/home/egronda/sunfest_2019/src/catkin_ws/build/libcaer_catkin/libcaer_src-prefix/src/libcaer_src/include/libcaer/devices/../events/frame.h:19:0[m[K,
                 from [01m[K/home/egronda/sunfest_2019/src/catkin_ws/build/libcaer_catkin/libcaer_src-prefix/src/libcaer_src/include/libcaer/devices/davis.h:10[m[K,
                 from [01m[K/home/egronda/sunfest_2019/src/catkin_ws/build/libcaer_catkin/libcaer_src-prefix/src/libcaer_src/src/davis_common.h:4[m[K,
                 from [01m[K/home/egronda/sunfest_2019/src/catkin_ws/build/libcaer_catkin/libcaer_src-prefix/src/libcaer_src/src/davis.h:4[m[K,
                 from [01m[K/home/egronda/sunfest_2019/src/catkin_ws/build/libcaer_catkin/libcaer_src-prefix/src/libcaer_src/src/davis.c:1[m[K:
[01m[K/home/egronda/sunfest_2019/src/catkin_ws/build/libcaer_catkin/libcaer_src-prefix/src/libcaer_src/src/davis.c:[m[K In function ‘[01m[KdavisEventTranslator[m[K’:
[01m[K/home/egronda/sunfest_2019/src/catkin_ws/build/libcaer_catkin/libcaer_src-prefix/src/libcaer_src/include/libcaer/devices/../events/common.h:416:12:[m[K [01;35m[Kwarning: [m[Kassuming signed overflow does not occur when reducing constant in comparison [[01;35m[K-Wstrict-overflow[m[K]
  if ([01;35m[Kn < 0 || n >= caerEventPacketHeaderGetEventNumber(headerPtr)[m[K) {
      [01;35m[K~~~~~~^~~~~~~~~~~~~~~~~~~~~~~~~~~~~~~~~~~~~~~~~~~~~~~~~~~~~~[m[K
[01m[K/home/egronda/sunfest_2019/src/catkin_ws/build/libcaer_catkin/libcaer_src-prefix/src/libcaer_src/include/libcaer/devices/../events/common.h:416:12:[m[K [01;35m[Kwarning: [m[Kassuming signed overflow does not occur when reducing constant in comparison [[01;35m[K-Wstrict-overflow[m[K]
  if ([01;35m[Kn < 0 || n >= caerEventPacketHeaderGetEventNumber(headerPtr)[m[K) {
      [01;35m[K~~~~~~^~~~~~~~~~~~~~~~~~~~~~~~~~~~~~~~~~~~~~~~~~~~~~~~~~~~~~[m[K
[01m[K/home/egronda/sunfest_2019/src/catkin_ws/build/libcaer_catkin/libcaer_src-prefix/src/libcaer_src/include/libcaer/devices/../events/common.h:416:12:[m[K [01;35m[Kwarning: [m[Kassuming signed overflow does not occur when reducing constant in comparison [[01;35m[K-Wstrict-overflow[m[K]
  if ([01;35m[Kn < 0 || n >= caerEventPacketHeaderGetEventNumber(headerPtr)[m[K) {
      [01;35m[K~~~~~~^~~~~~~~~~~~~~~~~~~~~~~~~~~~~~~~~~~~~~~~~~~~~~~~~~~~~~[m[K
[01m[K/home/egronda/sunfest_2019/src/catkin_ws/build/libcaer_catkin/libcaer_src-prefix/src/libcaer_src/include/libcaer/devices/../events/common.h:416:12:[m[K [01;35m[Kwarning: [m[Kassuming signed overflow does not occur when reducing constant in comparison [[01;35m[K-Wstrict-overflow[m[K]
  if ([01;35m[Kn < 0 || n >= caerEventPacketHeaderGetEventNumber(headerPtr)[m[K) {
      [01;35m[K~~~~~~^~~~~~~~~~~~~~~~~~~~~~~~~~~~~~~~~~~~~~~~~~~~~~~~~~~~~~[m[K
[01m[K/home/egronda/sunfest_2019/src/catkin_ws/build/libcaer_catkin/libcaer_src-prefix/src/libcaer_src/include/libcaer/devices/../events/common.h:416:12:[m[K [01;35m[Kwarning: [m[Kassuming signed overflow does not occur when reducing constant in comparison [[01;35m[K-Wstrict-overflow[m[K]
  if ([01;35m[Kn < 0 || n >= caerEventPacketHeaderGetEventNumber(headerPtr)[m[K) {
      [01;35m[K~~~~~~^~~~~~~~~~~~~~~~~~~~~~~~~~~~~~~~~~~~~~~~~~~~~~~~~~~~~~[m[K
[01m[K/home/egronda/sunfest_2019/src/catkin_ws/build/libcaer_catkin/libcaer_src-prefix/src/libcaer_src/src/davis.c:507:13:[m[K [01;35m[Kwarning: [m[Kassuming signed overflow does not occur when changing X +- C1 cmp C2 to X cmp C2 -+ C1 [[01;35m[K-Wstrict-overflow[m[K]
 static void [01;35m[KdavisEventTranslator[m[K(void *vhd, const uint8_t *buffer, size_t bytesSent) {
             [01;35m[K^~~~~~~~~~~~~~~~~~~~[m[K
[01m[K/home/egronda/sunfest_2019/src/catkin_ws/build/libcaer_catkin/libcaer_src-prefix/src/libcaer_src/src/davis.c:507:13:[m[K [01;35m[Kwarning: [m[Kassuming signed overflow does not occur when changing X +- C1 cmp C2 to X cmp C2 -+ C1 [[01;35m[K-Wstrict-overflow[m[K]
[01m[K/home/egronda/sunfest_2019/src/catkin_ws/build/libcaer_catkin/libcaer_src-prefix/src/libcaer_src/src/davis.c:507:13:[m[K [01;35m[Kwarning: [m[Kassuming signed overflow does not occur when changing X +- C1 cmp C2 to X cmp C2 -+ C1 [[01;35m[K-Wstrict-overflow[m[K]
[01m[K/home/egronda/sunfest_2019/src/catkin_ws/build/libcaer_catkin/libcaer_src-prefix/src/libcaer_src/src/davis.c:507:13:[m[K [01;35m[Kwarning: [m[Kassuming signed overflow does not occur when changing X +- C1 cmp C2 to X cmp C2 -+ C1 [[01;35m[K-Wstrict-overflow[m[K]
[01m[K/home/egronda/sunfest_2019/src/catkin_ws/build/libcaer_catkin/libcaer_src-prefix/src/libcaer_src/src/davis.c:507:13:[m[K [01;35m[Kwarning: [m[Kassuming signed overflow does not occur when changing X +- C1 cmp C2 to X cmp C2 -+ C1 [[01;35m[K-Wstrict-overflow[m[K]
In file included from [01m[K/home/egronda/sunfest_2019/src/catkin_ws/build/libcaer_catkin/libcaer_src-prefix/src/libcaer_src/src/data_exchange.h:12:0[m[K,
                 from [01m[K/home/egronda/sunfest_2019/src/catkin_ws/build/libcaer_catkin/libcaer_src-prefix/src/libcaer_src/src/container_generation.h:8[m[K,
                 from [01m[K/home/egronda/sunfest_2019/src/catkin_ws/build/libcaer_catkin/libcaer_src-prefix/src/libcaer_src/src/dynapse.h:7[m[K,
                 from [01m[K/home/egronda/sunfest_2019/src/catkin_ws/build/libcaer_catkin/libcaer_src-prefix/src/libcaer_src/src/dynapse.c:1[m[K:
[01m[K/home/egronda/sunfest_2019/src/catkin_ws/build/libcaer_catkin/libcaer_src-prefix/src/libcaer_src/src/c11threads_posix.h:[m[K In function ‘[01m[Kthrd_create[m[K’:
[01m[K/home/egronda/sunfest_2019/src/catkin_ws/build/libcaer_catkin/libcaer_src-prefix/src/libcaer_src/src/c11threads_posix.h:43:32:[m[K [01;35m[Kwarning: [m[Kunknown option after ‘[01m[K#pragma GCC diagnostic[m[K’ kind [[01;35m[K-Wpragmas[m[K]
 #pragma GCC diagnostic ignored [01;35m[K"-Wcast-function-type"[m[K
                                [01;35m[K^~~~~~~~~~~~~~~~~~~~~~[m[K
In file included from [01m[K/home/egronda/sunfest_2019/src/catkin_ws/build/libcaer_catkin/libcaer_src-prefix/src/libcaer_src/include/libcaer/devices/../events/frame.h:19:0[m[K,
                 from [01m[K/home/egronda/sunfest_2019/src/catkin_ws/build/libcaer_catkin/libcaer_src-prefix/src/libcaer_src/include/libcaer/devices/davis.h:10[m[K,
                 from [01m[K/home/egronda/sunfest_2019/src/catkin_ws/build/libcaer_catkin/libcaer_src-prefix/src/libcaer_src/include/libcaer/devices/device_discover.h:11[m[K,
                 from [01m[K/home/egronda/sunfest_2019/src/catkin_ws/build/libcaer_catkin/libcaer_src-prefix/src/libcaer_src/src/dynapse.h:4[m[K,
                 from [01m[K/home/egronda/sunfest_2019/src/catkin_ws/build/libcaer_catkin/libcaer_src-prefix/src/libcaer_src/src/dynapse.c:1[m[K:
[01m[K/home/egronda/sunfest_2019/src/catkin_ws/build/libcaer_catkin/libcaer_src-prefix/src/libcaer_src/src/dynapse.c:[m[K In function ‘[01m[KdynapseEventTranslator[m[K’:
[01m[K/home/egronda/sunfest_2019/src/catkin_ws/build/libcaer_catkin/libcaer_src-prefix/src/libcaer_src/include/libcaer/devices/../events/common.h:416:12:[m[K [01;35m[Kwarning: [m[Kassuming signed overflow does not occur when reducing constant in comparison [[01;35m[K-Wstrict-overflow[m[K]
  if ([01;35m[Kn < 0 || n >= caerEventPacketHeaderGetEventNumber(headerPtr)[m[K) {
      [01;35m[K~~~~~~^~~~~~~~~~~~~~~~~~~~~~~~~~~~~~~~~~~~~~~~~~~~~~~~~~~~~~[m[K
[01m[K/home/egronda/sunfest_2019/src/catkin_ws/build/libcaer_catkin/libcaer_src-prefix/src/libcaer_src/include/libcaer/devices/../events/common.h:416:12:[m[K [01;35m[Kwarning: [m[Kassuming signed overflow does not occur when reducing constant in comparison [[01;35m[K-Wstrict-overflow[m[K]
  if ([01;35m[Kn < 0 || n >= caerEventPacketHeaderGetEventNumber(headerPtr)[m[K) {
      [01;35m[K~~~~~~^~~~~~~~~~~~~~~~~~~~~~~~~~~~~~~~~~~~~~~~~~~~~~~~~~~~~~[m[K
[01m[K/home/egronda/sunfest_2019/src/catkin_ws/build/libcaer_catkin/libcaer_src-prefix/src/libcaer_src/include/libcaer/devices/../events/common.h:416:12:[m[K [01;35m[Kwarning: [m[Kassuming signed overflow does not occur when reducing constant in comparison [[01;35m[K-Wstrict-overflow[m[K]
  if ([01;35m[Kn < 0 || n >= caerEventPacketHeaderGetEventNumber(headerPtr)[m[K) {
      [01;35m[K~~~~~~^~~~~~~~~~~~~~~~~~~~~~~~~~~~~~~~~~~~~~~~~~~~~~~~~~~~~~[m[K
[01m[K/home/egronda/sunfest_2019/src/catkin_ws/build/libcaer_catkin/libcaer_src-prefix/src/libcaer_src/src/dynapse.c:1422:13:[m[K [01;35m[Kwarning: [m[Kassuming signed overflow does not occur when changing X +- C1 cmp C2 to X cmp C2 -+ C1 [[01;35m[K-Wstrict-overflow[m[K]
 static void [01;35m[KdynapseEventTranslator[m[K(void *vhd, const uint8_t *buffer, size_t bytesSent) {
             [01;35m[K^~~~~~~~~~~~~~~~~~~~~~[m[K
[01m[K/home/egronda/sunfest_2019/src/catkin_ws/build/libcaer_catkin/libcaer_src-prefix/src/libcaer_src/src/dynapse.c:1422:13:[m[K [01;35m[Kwarning: [m[Kassuming signed overflow does not occur when changing X +- C1 cmp C2 to X cmp C2 -+ C1 [[01;35m[K-Wstrict-overflow[m[K]
[01m[K/home/egronda/sunfest_2019/src/catkin_ws/build/libcaer_catkin/libcaer_src-prefix/src/libcaer_src/src/dynapse.c:1422:13:[m[K [01;35m[Kwarning: [m[Kassuming signed overflow does not occur when changing X +- C1 cmp C2 to X cmp C2 -+ C1 [[01;35m[K-Wstrict-overflow[m[K]
In file included from [01m[K/home/egronda/sunfest_2019/src/catkin_ws/build/libcaer_catkin/libcaer_src-prefix/src/libcaer_src/include/libcaer/devices/../events/frame.h:19:0[m[K,
                 from [01m[K/home/egronda/sunfest_2019/src/catkin_ws/build/libcaer_catkin/libcaer_src-prefix/src/libcaer_src/include/libcaer/devices/davis.h:10[m[K,
                 from [01m[K/home/egronda/sunfest_2019/src/catkin_ws/build/libcaer_catkin/libcaer_src-prefix/src/libcaer_src/include/libcaer/devices/device_discover.h:11[m[K,
                 from [01m[K/home/egronda/sunfest_2019/src/catkin_ws/build/libcaer_catkin/libcaer_src-prefix/src/libcaer_src/src/dynapse.h:4[m[K,
                 from [01m[K/home/egronda/sunfest_2019/src/catkin_ws/build/libcaer_catkin/libcaer_src-prefix/src/libcaer_src/src/dynapse.c:1[m[K:
[01m[K/home/egronda/sunfest_2019/src/catkin_ws/build/libcaer_catkin/libcaer_src-prefix/src/libcaer_src/src/dynapse.c:[m[K In function ‘[01m[KdynapseDataStart[m[K’:
[01m[K/home/egronda/sunfest_2019/src/catkin_ws/build/libcaer_catkin/libcaer_src-prefix/src/libcaer_src/include/libcaer/devices/../events/common.h:416:12:[m[K [01;35m[Kwarning: [m[Kassuming signed overflow does not occur when reducing constant in comparison [[01;35m[K-Wstrict-overflow[m[K]
  if ([01;35m[Kn < 0 || n >= caerEventPacketHeaderGetEventNumber(headerPtr)[m[K) {
      [01;35m[K~~~~~~^~~~~~~~~~~~~~~~~~~~~~~~~~~~~~~~~~~~~~~~~~~~~~~~~~~~~~[m[K
[01m[K/home/egronda/sunfest_2019/src/catkin_ws/build/libcaer_catkin/libcaer_src-prefix/src/libcaer_src/include/libcaer/devices/../events/common.h:416:12:[m[K [01;35m[Kwarning: [m[Kassuming signed overflow does not occur when reducing constant in comparison [[01;35m[K-Wstrict-overflow[m[K]
  if ([01;35m[Kn < 0 || n >= caerEventPacketHeaderGetEventNumber(headerPtr)[m[K) {
      [01;35m[K~~~~~~^~~~~~~~~~~~~~~~~~~~~~~~~~~~~~~~~~~~~~~~~~~~~~~~~~~~~~[m[K
[01m[K/home/egronda/sunfest_2019/src/catkin_ws/build/libcaer_catkin/libcaer_src-prefix/src/libcaer_src/include/libcaer/devices/../events/common.h:416:12:[m[K [01;35m[Kwarning: [m[Kassuming signed overflow does not occur when reducing constant in comparison [[01;35m[K-Wstrict-overflow[m[K]
  if ([01;35m[Kn < 0 || n >= caerEventPacketHeaderGetEventNumber(headerPtr)[m[K) {
      [01;35m[K~~~~~~^~~~~~~~~~~~~~~~~~~~~~~~~~~~~~~~~~~~~~~~~~~~~~~~~~~~~~[m[K
[01m[K/home/egronda/sunfest_2019/src/catkin_ws/build/libcaer_catkin/libcaer_src-prefix/src/libcaer_src/include/libcaer/devices/../events/common.h:416:12:[m[K [01;35m[Kwarning: [m[Kassuming signed overflow does not occur when reducing constant in comparison [[01;35m[K-Wstrict-overflow[m[K]
  if ([01;35m[Kn < 0 || n >= caerEventPacketHeaderGetEventNumber(headerPtr)[m[K) {
      [01;35m[K~~~~~~^~~~~~~~~~~~~~~~~~~~~~~~~~~~~~~~~~~~~~~~~~~~~~~~~~~~~~[m[K
[01m[K/home/egronda/sunfest_2019/src/catkin_ws/build/libcaer_catkin/libcaer_src-prefix/src/libcaer_src/include/libcaer/devices/../events/common.h:416:12:[m[K [01;35m[Kwarning: [m[Kassuming signed overflow does not occur when reducing constant in comparison [[01;35m[K-Wstrict-overflow[m[K]
  if ([01;35m[Kn < 0 || n >= caerEventPacketHeaderGetEventNumber(headerPtr)[m[K) {
      [01;35m[K~~~~~~^~~~~~~~~~~~~~~~~~~~~~~~~~~~~~~~~~~~~~~~~~~~~~~~~~~~~~[m[K
[01m[K/home/egronda/sunfest_2019/src/catkin_ws/build/libcaer_catkin/libcaer_src-prefix/src/libcaer_src/include/libcaer/devices/../events/common.h:416:12:[m[K [01;35m[Kwarning: [m[Kassuming signed overflow does not occur when reducing constant in comparison [[01;35m[K-Wstrict-overflow[m[K]
  if ([01;35m[Kn < 0 || n >= caerEventPacketHeaderGetEventNumber(headerPtr)[m[K) {
      [01;35m[K~~~~~~^~~~~~~~~~~~~~~~~~~~~~~~~~~~~~~~~~~~~~~~~~~~~~~~~~~~~~[m[K
[01m[K/home/egronda/sunfest_2019/src/catkin_ws/build/libcaer_catkin/libcaer_src-prefix/src/libcaer_src/include/libcaer/devices/../events/common.h:416:12:[m[K [01;35m[Kwarning: [m[Kassuming signed overflow does not occur when reducing constant in comparison [[01;35m[K-Wstrict-overflow[m[K]
  if ([01;35m[Kn < 0 || n >= caerEventPacketHeaderGetEventNumber(headerPtr)[m[K) {
      [01;35m[K~~~~~~^~~~~~~~~~~~~~~~~~~~~~~~~~~~~~~~~~~~~~~~~~~~~~~~~~~~~~[m[K
[01m[K/home/egronda/sunfest_2019/src/catkin_ws/build/libcaer_catkin/libcaer_src-prefix/src/libcaer_src/include/libcaer/devices/../events/common.h:416:12:[m[K [01;35m[Kwarning: [m[Kassuming signed overflow does not occur when reducing constant in comparison [[01;35m[K-Wstrict-overflow[m[K]
  if ([01;35m[Kn < 0 || n >= caerEventPacketHeaderGetEventNumber(headerPtr)[m[K) {
      [01;35m[K~~~~~~^~~~~~~~~~~~~~~~~~~~~~~~~~~~~~~~~~~~~~~~~~~~~~~~~~~~~~[m[K
[01m[K/home/egronda/sunfest_2019/src/catkin_ws/build/libcaer_catkin/libcaer_src-prefix/src/libcaer_src/src/dynapse.c:1320:6:[m[K [01;35m[Kwarning: [m[Kassuming signed overflow does not occur when changing X +- C1 cmp C2 to X cmp C2 -+ C1 [[01;35m[K-Wstrict-overflow[m[K]
 bool [01;35m[KdynapseDataStart[m[K(caerDeviceHandle cdh, void (*dataNotifyIncrease)(void *ptr),
      [01;35m[K^~~~~~~~~~~~~~~~[m[K
[01m[K/home/egronda/sunfest_2019/src/catkin_ws/build/libcaer_catkin/libcaer_src-prefix/src/libcaer_src/src/dynapse.c:1320:6:[m[K [01;35m[Kwarning: [m[Kassuming signed overflow does not occur when changing X +- C1 cmp C2 to X cmp C2 -+ C1 [[01;35m[K-Wstrict-overflow[m[K]
[01m[K/home/egronda/sunfest_2019/src/catkin_ws/build/libcaer_catkin/libcaer_src-prefix/src/libcaer_src/src/dynapse.c:1320:6:[m[K [01;35m[Kwarning: [m[Kassuming signed overflow does not occur when changing X +- C1 cmp C2 to X cmp C2 -+ C1 [[01;35m[K-Wstrict-overflow[m[K]
[01m[K/home/egronda/sunfest_2019/src/catkin_ws/build/libcaer_catkin/libcaer_src-prefix/src/libcaer_src/src/dynapse.c:1320:6:[m[K [01;35m[Kwarning: [m[Kassuming signed overflow does not occur when changing X +- C1 cmp C2 to X cmp C2 -+ C1 [[01;35m[K-Wstrict-overflow[m[K]
[01m[K/home/egronda/sunfest_2019/src/catkin_ws/build/libcaer_catkin/libcaer_src-prefix/src/libcaer_src/src/dynapse.c:1320:6:[m[K [01;35m[Kwarning: [m[Kassuming signed overflow does not occur when changing X +- C1 cmp C2 to X cmp C2 -+ C1 [[01;35m[K-Wstrict-overflow[m[K]
[01m[K/home/egronda/sunfest_2019/src/catkin_ws/build/libcaer_catkin/libcaer_src-prefix/src/libcaer_src/src/dynapse.c:1320:6:[m[K [01;35m[Kwarning: [m[Kassuming signed overflow does not occur when changing X +- C1 cmp C2 to X cmp C2 -+ C1 [[01;35m[K-Wstrict-overflow[m[K]
[01m[K/home/egronda/sunfest_2019/src/catkin_ws/build/libcaer_catkin/libcaer_src-prefix/src/libcaer_src/src/dynapse.c:1320:6:[m[K [01;35m[Kwarning: [m[Kassuming signed overflow does not occur when changing X +- C1 cmp C2 to X cmp C2 -+ C1 [[01;35m[K-Wstrict-overflow[m[K]
[01m[K/home/egronda/sunfest_2019/src/catkin_ws/build/libcaer_catkin/libcaer_src-prefix/src/libcaer_src/src/dynapse.c:1320:6:[m[K [01;35m[Kwarning: [m[Kassuming signed overflow does not occur when changing X +- C1 cmp C2 to X cmp C2 -+ C1 [[01;35m[K-Wstrict-overflow[m[K]
In file included from [01m[K/home/egronda/sunfest_2019/src/catkin_ws/build/libcaer_catkin/libcaer_src-prefix/src/libcaer_src/include/libcaer/devices/../events/frame.h:19:0[m[K,
                 from [01m[K/home/egronda/sunfest_2019/src/catkin_ws/build/libcaer_catkin/libcaer_src-prefix/src/libcaer_src/include/libcaer/devices/davis.h:10[m[K,
                 from [01m[K/home/egronda/sunfest_2019/src/catkin_ws/build/libcaer_catkin/libcaer_src-prefix/src/libcaer_src/include/libcaer/devices/device_discover.h:11[m[K,
                 from [01m[K/home/egronda/sunfest_2019/src/catkin_ws/build/libcaer_catkin/libcaer_src-prefix/src/libcaer_src/src/dynapse.h:4[m[K,
                 from [01m[K/home/egronda/sunfest_2019/src/catkin_ws/build/libcaer_catkin/libcaer_src-prefix/src/libcaer_src/src/dynapse.c:1[m[K:
[01m[K/home/egronda/sunfest_2019/src/catkin_ws/build/libcaer_catkin/libcaer_src-prefix/src/libcaer_src/src/dynapse.c:[m[K In function ‘[01m[KdynapseDataStop[m[K’:
[01m[K/home/egronda/sunfest_2019/src/catkin_ws/build/libcaer_catkin/libcaer_src-prefix/src/libcaer_src/include/libcaer/devices/../events/common.h:416:12:[m[K [01;35m[Kwarning: [m[Kassuming signed overflow does not occur when reducing constant in comparison [[01;35m[K-Wstrict-overflow[m[K]
  if ([01;35m[Kn < 0 || n >= caerEventPacketHeaderGetEventNumber(headerPtr)[m[K) {
      [01;35m[K~~~~~~^~~~~~~~~~~~~~~~~~~~~~~~~~~~~~~~~~~~~~~~~~~~~~~~~~~~~~[m[K
[01m[K/home/egronda/sunfest_2019/src/catkin_ws/build/libcaer_catkin/libcaer_src-prefix/src/libcaer_src/include/libcaer/devices/../events/common.h:416:12:[m[K [01;35m[Kwarning: [m[Kassuming signed overflow does not occur when reducing constant in comparison [[01;35m[K-Wstrict-overflow[m[K]
  if ([01;35m[Kn < 0 || n >= caerEventPacketHeaderGetEventNumber(headerPtr)[m[K) {
      [01;35m[K~~~~~~^~~~~~~~~~~~~~~~~~~~~~~~~~~~~~~~~~~~~~~~~~~~~~~~~~~~~~[m[K
[01m[K/home/egronda/sunfest_2019/src/catkin_ws/build/libcaer_catkin/libcaer_src-prefix/src/libcaer_src/src/dynapse.c:1383:6:[m[K [01;35m[Kwarning: [m[Kassuming signed overflow does not occur when changing X +- C1 cmp C2 to X cmp C2 -+ C1 [[01;35m[K-Wstrict-overflow[m[K]
 bool [01;35m[KdynapseDataStop[m[K(caerDeviceHandle cdh) {
      [01;35m[K^~~~~~~~~~~~~~~[m[K
[01m[K/home/egronda/sunfest_2019/src/catkin_ws/build/libcaer_catkin/libcaer_src-prefix/src/libcaer_src/src/dynapse.c:1383:6:[m[K [01;35m[Kwarning: [m[Kassuming signed overflow does not occur when changing X +- C1 cmp C2 to X cmp C2 -+ C1 [[01;35m[K-Wstrict-overflow[m[K]
In file included from [01m[K/home/egronda/sunfest_2019/src/catkin_ws/build/libcaer_catkin/libcaer_src-prefix/src/libcaer_src/src/data_exchange.h:12:0[m[K,
                 from [01m[K/home/egronda/sunfest_2019/src/catkin_ws/build/libcaer_catkin/libcaer_src-prefix/src/libcaer_src/src/container_generation.h:8[m[K,
                 from [01m[K/home/egronda/sunfest_2019/src/catkin_ws/build/libcaer_catkin/libcaer_src-prefix/src/libcaer_src/src/dvs132s.h:7[m[K,
                 from [01m[K/home/egronda/sunfest_2019/src/catkin_ws/build/libcaer_catkin/libcaer_src-prefix/src/libcaer_src/src/dvs132s.c:1[m[K:
[01m[K/home/egronda/sunfest_2019/src/catkin_ws/build/libcaer_catkin/libcaer_src-prefix/src/libcaer_src/src/c11threads_posix.h:[m[K In function ‘[01m[Kthrd_create[m[K’:
[01m[K/home/egronda/sunfest_2019/src/catkin_ws/build/libcaer_catkin/libcaer_src-prefix/src/libcaer_src/src/c11threads_posix.h:43:32:[m[K [01;35m[Kwarning: [m[Kunknown option after ‘[01m[K#pragma GCC diagnostic[m[K’ kind [[01;35m[K-Wpragmas[m[K]
 #pragma GCC diagnostic ignored [01;35m[K"-Wcast-function-type"[m[K
                                [01;35m[K^~~~~~~~~~~~~~~~~~~~~~[m[K
In file included from [01m[K/home/egronda/sunfest_2019/src/catkin_ws/build/libcaer_catkin/libcaer_src-prefix/src/libcaer_src/include/libcaer/devices/../events/frame.h:19:0[m[K,
                 from [01m[K/home/egronda/sunfest_2019/src/catkin_ws/build/libcaer_catkin/libcaer_src-prefix/src/libcaer_src/include/libcaer/devices/davis.h:10[m[K,
                 from [01m[K/home/egronda/sunfest_2019/src/catkin_ws/build/libcaer_catkin/libcaer_src-prefix/src/libcaer_src/include/libcaer/devices/device_discover.h:11[m[K,
                 from [01m[K/home/egronda/sunfest_2019/src/catkin_ws/build/libcaer_catkin/libcaer_src-prefix/src/libcaer_src/src/dvs132s.h:4[m[K,
                 from [01m[K/home/egronda/sunfest_2019/src/catkin_ws/build/libcaer_catkin/libcaer_src-prefix/src/libcaer_src/src/dvs132s.c:1[m[K:
[01m[K/home/egronda/sunfest_2019/src/catkin_ws/build/libcaer_catkin/libcaer_src-prefix/src/libcaer_src/src/dvs132s.c:[m[K In function ‘[01m[Kdvs132sEventTranslator[m[K’:
[01m[K/home/egronda/sunfest_2019/src/catkin_ws/build/libcaer_catkin/libcaer_src-prefix/src/libcaer_src/include/libcaer/devices/../events/common.h:416:12:[m[K [01;35m[Kwarning: [m[Kassuming signed overflow does not occur when reducing constant in comparison [[01;35m[K-Wstrict-overflow[m[K]
  if ([01;35m[Kn < 0 || n >= caerEventPacketHeaderGetEventNumber(headerPtr)[m[K) {
      [01;35m[K~~~~~~^~~~~~~~~~~~~~~~~~~~~~~~~~~~~~~~~~~~~~~~~~~~~~~~~~~~~~[m[K
[01m[K/home/egronda/sunfest_2019/src/catkin_ws/build/libcaer_catkin/libcaer_src-prefix/src/libcaer_src/include/libcaer/devices/../events/common.h:416:12:[m[K [01;35m[Kwarning: [m[Kassuming signed overflow does not occur when reducing constant in comparison [[01;35m[K-Wstrict-overflow[m[K]
  if ([01;35m[Kn < 0 || n >= caerEventPacketHeaderGetEventNumber(headerPtr)[m[K) {
      [01;35m[K~~~~~~^~~~~~~~~~~~~~~~~~~~~~~~~~~~~~~~~~~~~~~~~~~~~~~~~~~~~~[m[K
[01m[K/home/egronda/sunfest_2019/src/catkin_ws/build/libcaer_catkin/libcaer_src-prefix/src/libcaer_src/include/libcaer/devices/../events/common.h:416:12:[m[K [01;35m[Kwarning: [m[Kassuming signed overflow does not occur when reducing constant in comparison [[01;35m[K-Wstrict-overflow[m[K]
  if ([01;35m[Kn < 0 || n >= caerEventPacketHeaderGetEventNumber(headerPtr)[m[K) {
      [01;35m[K~~~~~~^~~~~~~~~~~~~~~~~~~~~~~~~~~~~~~~~~~~~~~~~~~~~~~~~~~~~~[m[K
[01m[K/home/egronda/sunfest_2019/src/catkin_ws/build/libcaer_catkin/libcaer_src-prefix/src/libcaer_src/include/libcaer/devices/../events/common.h:416:12:[m[K [01;35m[Kwarning: [m[Kassuming signed overflow does not occur when reducing constant in comparison [[01;35m[K-Wstrict-overflow[m[K]
  if ([01;35m[Kn < 0 || n >= caerEventPacketHeaderGetEventNumber(headerPtr)[m[K) {
      [01;35m[K~~~~~~^~~~~~~~~~~~~~~~~~~~~~~~~~~~~~~~~~~~~~~~~~~~~~~~~~~~~~[m[K
[01m[K/home/egronda/sunfest_2019/src/catkin_ws/build/libcaer_catkin/libcaer_src-prefix/src/libcaer_src/src/dvs132s.c:1101:13:[m[K [01;35m[Kwarning: [m[Kassuming signed overflow does not occur when changing X +- C1 cmp C2 to X cmp C2 -+ C1 [[01;35m[K-Wstrict-overflow[m[K]
 static void [01;35m[Kdvs132sEventTranslator[m[K(void *vhd, const uint8_t *buffer, size_t bufferSize) {
             [01;35m[K^~~~~~~~~~~~~~~~~~~~~~[m[K
[01m[K/home/egronda/sunfest_2019/src/catkin_ws/build/libcaer_catkin/libcaer_src-prefix/src/libcaer_src/src/dvs132s.c:1101:13:[m[K [01;35m[Kwarning: [m[Kassuming signed overflow does not occur when changing X +- C1 cmp C2 to X cmp C2 -+ C1 [[01;35m[K-Wstrict-overflow[m[K]
[01m[K/home/egronda/sunfest_2019/src/catkin_ws/build/libcaer_catkin/libcaer_src-prefix/src/libcaer_src/src/dvs132s.c:1101:13:[m[K [01;35m[Kwarning: [m[Kassuming signed overflow does not occur when changing X +- C1 cmp C2 to X cmp C2 -+ C1 [[01;35m[K-Wstrict-overflow[m[K]
[01m[K/home/egronda/sunfest_2019/src/catkin_ws/build/libcaer_catkin/libcaer_src-prefix/src/libcaer_src/src/dvs132s.c:1101:13:[m[K [01;35m[Kwarning: [m[Kassuming signed overflow does not occur when changing X +- C1 cmp C2 to X cmp C2 -+ C1 [[01;35m[K-Wstrict-overflow[m[K]
In file included from [01m[K/home/egronda/sunfest_2019/src/catkin_ws/build/libcaer_catkin/libcaer_src-prefix/src/libcaer_src/include/libcaer/devices/../events/frame.h:19:0[m[K,
                 from [01m[K/home/egronda/sunfest_2019/src/catkin_ws/build/libcaer_catkin/libcaer_src-prefix/src/libcaer_src/include/libcaer/devices/davis.h:10[m[K,
                 from [01m[K/home/egronda/sunfest_2019/src/catkin_ws/build/libcaer_catkin/libcaer_src-prefix/src/libcaer_src/include/libcaer/devices/device_discover.h:11[m[K,
                 from [01m[K/home/egronda/sunfest_2019/src/catkin_ws/build/libcaer_catkin/libcaer_src-prefix/src/libcaer_src/src/dvs132s.h:4[m[K,
                 from [01m[K/home/egronda/sunfest_2019/src/catkin_ws/build/libcaer_catkin/libcaer_src-prefix/src/libcaer_src/src/dvs132s.c:1[m[K:
[01m[K/home/egronda/sunfest_2019/src/catkin_ws/build/libcaer_catkin/libcaer_src-prefix/src/libcaer_src/src/dvs132s.c:[m[K In function ‘[01m[Kdvs132sDataStart[m[K’:
[01m[K/home/egronda/sunfest_2019/src/catkin_ws/build/libcaer_catkin/libcaer_src-prefix/src/libcaer_src/include/libcaer/devices/../events/common.h:416:12:[m[K [01;35m[Kwarning: [m[Kassuming signed overflow does not occur when reducing constant in comparison [[01;35m[K-Wstrict-overflow[m[K]
  if ([01;35m[Kn < 0 || n >= caerEventPacketHeaderGetEventNumber(headerPtr)[m[K) {
      [01;35m[K~~~~~~^~~~~~~~~~~~~~~~~~~~~~~~~~~~~~~~~~~~~~~~~~~~~~~~~~~~~~[m[K
[01m[K/home/egronda/sunfest_2019/src/catkin_ws/build/libcaer_catkin/libcaer_src-prefix/src/libcaer_src/include/libcaer/devices/../events/common.h:416:12:[m[K [01;35m[Kwarning: [m[Kassuming signed overflow does not occur when reducing constant in comparison [[01;35m[K-Wstrict-overflow[m[K]
  if ([01;35m[Kn < 0 || n >= caerEventPacketHeaderGetEventNumber(headerPtr)[m[K) {
      [01;35m[K~~~~~~^~~~~~~~~~~~~~~~~~~~~~~~~~~~~~~~~~~~~~~~~~~~~~~~~~~~~~[m[K
[01m[K/home/egronda/sunfest_2019/src/catkin_ws/build/libcaer_catkin/libcaer_src-prefix/src/libcaer_src/include/libcaer/devices/../events/common.h:416:12:[m[K [01;35m[Kwarning: [m[Kassuming signed overflow does not occur when reducing constant in comparison [[01;35m[K-Wstrict-overflow[m[K]
  if ([01;35m[Kn < 0 || n >= caerEventPacketHeaderGetEventNumber(headerPtr)[m[K) {
      [01;35m[K~~~~~~^~~~~~~~~~~~~~~~~~~~~~~~~~~~~~~~~~~~~~~~~~~~~~~~~~~~~~[m[K
[01m[K/home/egronda/sunfest_2019/src/catkin_ws/build/libcaer_catkin/libcaer_src-prefix/src/libcaer_src/include/libcaer/devices/../events/common.h:416:12:[m[K [01;35m[Kwarning: [m[Kassuming signed overflow does not occur when reducing constant in comparison [[01;35m[K-Wstrict-overflow[m[K]
  if ([01;35m[Kn < 0 || n >= caerEventPacketHeaderGetEventNumber(headerPtr)[m[K) {
      [01;35m[K~~~~~~^~~~~~~~~~~~~~~~~~~~~~~~~~~~~~~~~~~~~~~~~~~~~~~~~~~~~~[m[K
[01m[K/home/egronda/sunfest_2019/src/catkin_ws/build/libcaer_catkin/libcaer_src-prefix/src/libcaer_src/include/libcaer/devices/../events/common.h:416:12:[m[K [01;35m[Kwarning: [m[Kassuming signed overflow does not occur when reducing constant in comparison [[01;35m[K-Wstrict-overflow[m[K]
  if ([01;35m[Kn < 0 || n >= caerEventPacketHeaderGetEventNumber(headerPtr)[m[K) {
      [01;35m[K~~~~~~^~~~~~~~~~~~~~~~~~~~~~~~~~~~~~~~~~~~~~~~~~~~~~~~~~~~~~[m[K
[01m[K/home/egronda/sunfest_2019/src/catkin_ws/build/libcaer_catkin/libcaer_src-prefix/src/libcaer_src/include/libcaer/devices/../events/common.h:416:12:[m[K [01;35m[Kwarning: [m[Kassuming signed overflow does not occur when reducing constant in comparison [[01;35m[K-Wstrict-overflow[m[K]
  if ([01;35m[Kn < 0 || n >= caerEventPacketHeaderGetEventNumber(headerPtr)[m[K) {
      [01;35m[K~~~~~~^~~~~~~~~~~~~~~~~~~~~~~~~~~~~~~~~~~~~~~~~~~~~~~~~~~~~~[m[K
[01m[K/home/egronda/sunfest_2019/src/catkin_ws/build/libcaer_catkin/libcaer_src-prefix/src/libcaer_src/include/libcaer/devices/../events/common.h:416:12:[m[K [01;35m[Kwarning: [m[Kassuming signed overflow does not occur when reducing constant in comparison [[01;35m[K-Wstrict-overflow[m[K]
  if ([01;35m[Kn < 0 || n >= caerEventPacketHeaderGetEventNumber(headerPtr)[m[K) {
      [01;35m[K~~~~~~^~~~~~~~~~~~~~~~~~~~~~~~~~~~~~~~~~~~~~~~~~~~~~~~~~~~~~[m[K
[01m[K/home/egronda/sunfest_2019/src/catkin_ws/build/libcaer_catkin/libcaer_src-prefix/src/libcaer_src/include/libcaer/devices/../events/common.h:416:12:[m[K [01;35m[Kwarning: [m[Kassuming signed overflow does not occur when reducing constant in comparison [[01;35m[K-Wstrict-overflow[m[K]
  if ([01;35m[Kn < 0 || n >= caerEventPacketHeaderGetEventNumber(headerPtr)[m[K) {
      [01;35m[K~~~~~~^~~~~~~~~~~~~~~~~~~~~~~~~~~~~~~~~~~~~~~~~~~~~~~~~~~~~~[m[K
[01m[K/home/egronda/sunfest_2019/src/catkin_ws/build/libcaer_catkin/libcaer_src-prefix/src/libcaer_src/include/libcaer/devices/../events/common.h:416:12:[m[K [01;35m[Kwarning: [m[Kassuming signed overflow does not occur when reducing constant in comparison [[01;35m[K-Wstrict-overflow[m[K]
  if ([01;35m[Kn < 0 || n >= caerEventPacketHeaderGetEventNumber(headerPtr)[m[K) {
      [01;35m[K~~~~~~^~~~~~~~~~~~~~~~~~~~~~~~~~~~~~~~~~~~~~~~~~~~~~~~~~~~~~[m[K
[01m[K/home/egronda/sunfest_2019/src/catkin_ws/build/libcaer_catkin/libcaer_src-prefix/src/libcaer_src/include/libcaer/devices/../events/common.h:416:12:[m[K [01;35m[Kwarning: [m[Kassuming signed overflow does not occur when reducing constant in comparison [[01;35m[K-Wstrict-overflow[m[K]
  if ([01;35m[Kn < 0 || n >= caerEventPacketHeaderGetEventNumber(headerPtr)[m[K) {
      [01;35m[K~~~~~~^~~~~~~~~~~~~~~~~~~~~~~~~~~~~~~~~~~~~~~~~~~~~~~~~~~~~~[m[K
[01m[K/home/egronda/sunfest_2019/src/catkin_ws/build/libcaer_catkin/libcaer_src-prefix/src/libcaer_src/include/libcaer/devices/../events/common.h:416:12:[m[K [01;35m[Kwarning: [m[Kassuming signed overflow does not occur when reducing constant in comparison [[01;35m[K-Wstrict-overflow[m[K]
  if ([01;35m[Kn < 0 || n >= caerEventPacketHeaderGetEventNumber(headerPtr)[m[K) {
      [01;35m[K~~~~~~^~~~~~~~~~~~~~~~~~~~~~~~~~~~~~~~~~~~~~~~~~~~~~~~~~~~~~[m[K
[01m[K/home/egronda/sunfest_2019/src/catkin_ws/build/libcaer_catkin/libcaer_src-prefix/src/libcaer_src/include/libcaer/devices/../events/common.h:416:12:[m[K [01;35m[Kwarning: [m[Kassuming signed overflow does not occur when reducing constant in comparison [[01;35m[K-Wstrict-overflow[m[K]
  if ([01;35m[Kn < 0 || n >= caerEventPacketHeaderGetEventNumber(headerPtr)[m[K) {
      [01;35m[K~~~~~~^~~~~~~~~~~~~~~~~~~~~~~~~~~~~~~~~~~~~~~~~~~~~~~~~~~~~~[m[K
[01m[K/home/egronda/sunfest_2019/src/catkin_ws/build/libcaer_catkin/libcaer_src-prefix/src/libcaer_src/include/libcaer/devices/../events/common.h:416:12:[m[K [01;35m[Kwarning: [m[Kassuming signed overflow does not occur when reducing constant in comparison [[01;35m[K-Wstrict-overflow[m[K]
  if ([01;35m[Kn < 0 || n >= caerEventPacketHeaderGetEventNumber(headerPtr)[m[K) {
      [01;35m[K~~~~~~^~~~~~~~~~~~~~~~~~~~~~~~~~~~~~~~~~~~~~~~~~~~~~~~~~~~~~[m[K
[01m[K/home/egronda/sunfest_2019/src/catkin_ws/build/libcaer_catkin/libcaer_src-prefix/src/libcaer_src/include/libcaer/devices/../events/common.h:416:12:[m[K [01;35m[Kwarning: [m[Kassuming signed overflow does not occur when reducing constant in comparison [[01;35m[K-Wstrict-overflow[m[K]
  if ([01;35m[Kn < 0 || n >= caerEventPacketHeaderGetEventNumber(headerPtr)[m[K) {
      [01;35m[K~~~~~~^~~~~~~~~~~~~~~~~~~~~~~~~~~~~~~~~~~~~~~~~~~~~~~~~~~~~~[m[K
[01m[K/home/egronda/sunfest_2019/src/catkin_ws/build/libcaer_catkin/libcaer_src-prefix/src/libcaer_src/include/libcaer/devices/../events/common.h:416:12:[m[K [01;35m[Kwarning: [m[Kassuming signed overflow does not occur when reducing constant in comparison [[01;35m[K-Wstrict-overflow[m[K]
  if ([01;35m[Kn < 0 || n >= caerEventPacketHeaderGetEventNumber(headerPtr)[m[K) {
      [01;35m[K~~~~~~^~~~~~~~~~~~~~~~~~~~~~~~~~~~~~~~~~~~~~~~~~~~~~~~~~~~~~[m[K
[01m[K/home/egronda/sunfest_2019/src/catkin_ws/build/libcaer_catkin/libcaer_src-prefix/src/libcaer_src/src/dvs132s.c:926:6:[m[K [01;35m[Kwarning: [m[Kassuming signed overflow does not occur when changing X +- C1 cmp C2 to X cmp C2 -+ C1 [[01;35m[K-Wstrict-overflow[m[K]
 bool [01;35m[Kdvs132sDataStart[m[K(caerDeviceHandle cdh, void (*dataNotifyIncrease)(void *ptr),
      [01;35m[K^~~~~~~~~~~~~~~~[m[K
[01m[K/home/egronda/sunfest_2019/src/catkin_ws/build/libcaer_catkin/libcaer_src-prefix/src/libcaer_src/src/dvs132s.c:926:6:[m[K [01;35m[Kwarning: [m[Kassuming signed overflow does not occur when changing X +- C1 cmp C2 to X cmp C2 -+ C1 [[01;35m[K-Wstrict-overflow[m[K]
[01m[K/home/egronda/sunfest_2019/src/catkin_ws/build/libcaer_catkin/libcaer_src-prefix/src/libcaer_src/src/dvs132s.c:926:6:[m[K [01;35m[Kwarning: [m[Kassuming signed overflow does not occur when changing X +- C1 cmp C2 to X cmp C2 -+ C1 [[01;35m[K-Wstrict-overflow[m[K]
[01m[K/home/egronda/sunfest_2019/src/catkin_ws/build/libcaer_catkin/libcaer_src-prefix/src/libcaer_src/src/dvs132s.c:926:6:[m[K [01;35m[Kwarning: [m[Kassuming signed overflow does not occur when changing X +- C1 cmp C2 to X cmp C2 -+ C1 [[01;35m[K-Wstrict-overflow[m[K]
[01m[K/home/egronda/sunfest_2019/src/catkin_ws/build/libcaer_catkin/libcaer_src-prefix/src/libcaer_src/src/dvs132s.c:926:6:[m[K [01;35m[Kwarning: [m[Kassuming signed overflow does not occur when changing X +- C1 cmp C2 to X cmp C2 -+ C1 [[01;35m[K-Wstrict-overflow[m[K]
[01m[K/home/egronda/sunfest_2019/src/catkin_ws/build/libcaer_catkin/libcaer_src-prefix/src/libcaer_src/src/dvs132s.c:926:6:[m[K [01;35m[Kwarning: [m[Kassuming signed overflow does not occur when changing X +- C1 cmp C2 to X cmp C2 -+ C1 [[01;35m[K-Wstrict-overflow[m[K]
[01m[K/home/egronda/sunfest_2019/src/catkin_ws/build/libcaer_catkin/libcaer_src-prefix/src/libcaer_src/src/dvs132s.c:926:6:[m[K [01;35m[Kwarning: [m[Kassuming signed overflow does not occur when changing X +- C1 cmp C2 to X cmp C2 -+ C1 [[01;35m[K-Wstrict-overflow[m[K]
[01m[K/home/egronda/sunfest_2019/src/catkin_ws/build/libcaer_catkin/libcaer_src-prefix/src/libcaer_src/src/dvs132s.c:926:6:[m[K [01;35m[Kwarning: [m[Kassuming signed overflow does not occur when changing X +- C1 cmp C2 to X cmp C2 -+ C1 [[01;35m[K-Wstrict-overflow[m[K]
[01m[K/home/egronda/sunfest_2019/src/catkin_ws/build/libcaer_catkin/libcaer_src-prefix/src/libcaer_src/src/dvs132s.c:926:6:[m[K [01;35m[Kwarning: [m[Kassuming signed overflow does not occur when changing X +- C1 cmp C2 to X cmp C2 -+ C1 [[01;35m[K-Wstrict-overflow[m[K]
[01m[K/home/egronda/sunfest_2019/src/catkin_ws/build/libcaer_catkin/libcaer_src-prefix/src/libcaer_src/src/dvs132s.c:926:6:[m[K [01;35m[Kwarning: [m[Kassuming signed overflow does not occur when changing X +- C1 cmp C2 to X cmp C2 -+ C1 [[01;35m[K-Wstrict-overflow[m[K]
[01m[K/home/egronda/sunfest_2019/src/catkin_ws/build/libcaer_catkin/libcaer_src-prefix/src/libcaer_src/src/dvs132s.c:926:6:[m[K [01;35m[Kwarning: [m[Kassuming signed overflow does not occur when changing X +- C1 cmp C2 to X cmp C2 -+ C1 [[01;35m[K-Wstrict-overflow[m[K]
[01m[K/home/egronda/sunfest_2019/src/catkin_ws/build/libcaer_catkin/libcaer_src-prefix/src/libcaer_src/src/dvs132s.c:926:6:[m[K [01;35m[Kwarning: [m[Kassuming signed overflow does not occur when changing X +- C1 cmp C2 to X cmp C2 -+ C1 [[01;35m[K-Wstrict-overflow[m[K]
[01m[K/home/egronda/sunfest_2019/src/catkin_ws/build/libcaer_catkin/libcaer_src-prefix/src/libcaer_src/src/dvs132s.c:926:6:[m[K [01;35m[Kwarning: [m[Kassuming signed overflow does not occur when changing X +- C1 cmp C2 to X cmp C2 -+ C1 [[01;35m[K-Wstrict-overflow[m[K]
[01m[K/home/egronda/sunfest_2019/src/catkin_ws/build/libcaer_catkin/libcaer_src-prefix/src/libcaer_src/src/dvs132s.c:926:6:[m[K [01;35m[Kwarning: [m[Kassuming signed overflow does not occur when changing X +- C1 cmp C2 to X cmp C2 -+ C1 [[01;35m[K-Wstrict-overflow[m[K]
[01m[K/home/egronda/sunfest_2019/src/catkin_ws/build/libcaer_catkin/libcaer_src-prefix/src/libcaer_src/src/dvs132s.c:926:6:[m[K [01;35m[Kwarning: [m[Kassuming signed overflow does not occur when changing X +- C1 cmp C2 to X cmp C2 -+ C1 [[01;35m[K-Wstrict-overflow[m[K]
In file included from [01m[K/home/egronda/sunfest_2019/src/catkin_ws/build/libcaer_catkin/libcaer_src-prefix/src/libcaer_src/include/libcaer/devices/../events/frame.h:19:0[m[K,
                 from [01m[K/home/egronda/sunfest_2019/src/catkin_ws/build/libcaer_catkin/libcaer_src-prefix/src/libcaer_src/include/libcaer/devices/davis.h:10[m[K,
                 from [01m[K/home/egronda/sunfest_2019/src/catkin_ws/build/libcaer_catkin/libcaer_src-prefix/src/libcaer_src/include/libcaer/devices/device_discover.h:11[m[K,
                 from [01m[K/home/egronda/sunfest_2019/src/catkin_ws/build/libcaer_catkin/libcaer_src-prefix/src/libcaer_src/src/dvs132s.h:4[m[K,
                 from [01m[K/home/egronda/sunfest_2019/src/catkin_ws/build/libcaer_catkin/libcaer_src-prefix/src/libcaer_src/src/dvs132s.c:1[m[K:
[01m[K/home/egronda/sunfest_2019/src/catkin_ws/build/libcaer_catkin/libcaer_src-prefix/src/libcaer_src/src/dvs132s.c:[m[K In function ‘[01m[Kdvs132sDataStop[m[K’:
[01m[K/home/egronda/sunfest_2019/src/catkin_ws/build/libcaer_catkin/libcaer_src-prefix/src/libcaer_src/include/libcaer/devices/../events/common.h:416:12:[m[K [01;35m[Kwarning: [m[Kassuming signed overflow does not occur when reducing constant in comparison [[01;35m[K-Wstrict-overflow[m[K]
  if ([01;35m[Kn < 0 || n >= caerEventPacketHeaderGetEventNumber(headerPtr)[m[K) {
      [01;35m[K~~~~~~^~~~~~~~~~~~~~~~~~~~~~~~~~~~~~~~~~~~~~~~~~~~~~~~~~~~~~[m[K
[01m[K/home/egronda/sunfest_2019/src/catkin_ws/build/libcaer_catkin/libcaer_src-prefix/src/libcaer_src/include/libcaer/devices/../events/common.h:416:12:[m[K [01;35m[Kwarning: [m[Kassuming signed overflow does not occur when reducing constant in comparison [[01;35m[K-Wstrict-overflow[m[K]
  if ([01;35m[Kn < 0 || n >= caerEventPacketHeaderGetEventNumber(headerPtr)[m[K) {
      [01;35m[K~~~~~~^~~~~~~~~~~~~~~~~~~~~~~~~~~~~~~~~~~~~~~~~~~~~~~~~~~~~~[m[K
[01m[K/home/egronda/sunfest_2019/src/catkin_ws/build/libcaer_catkin/libcaer_src-prefix/src/libcaer_src/include/libcaer/devices/../events/common.h:416:12:[m[K [01;35m[Kwarning: [m[Kassuming signed overflow does not occur when reducing constant in comparison [[01;35m[K-Wstrict-overflow[m[K]
  if ([01;35m[Kn < 0 || n >= caerEventPacketHeaderGetEventNumber(headerPtr)[m[K) {
      [01;35m[K~~~~~~^~~~~~~~~~~~~~~~~~~~~~~~~~~~~~~~~~~~~~~~~~~~~~~~~~~~~~[m[K
[01m[K/home/egronda/sunfest_2019/src/catkin_ws/build/libcaer_catkin/libcaer_src-prefix/src/libcaer_src/src/dvs132s.c:1037:6:[m[K [01;35m[Kwarning: [m[Kassuming signed overflow does not occur when changing X +- C1 cmp C2 to X cmp C2 -+ C1 [[01;35m[K-Wstrict-overflow[m[K]
 bool [01;35m[Kdvs132sDataStop[m[K(caerDeviceHandle cdh) {
      [01;35m[K^~~~~~~~~~~~~~~[m[K
[01m[K/home/egronda/sunfest_2019/src/catkin_ws/build/libcaer_catkin/libcaer_src-prefix/src/libcaer_src/src/dvs132s.c:1037:6:[m[K [01;35m[Kwarning: [m[Kassuming signed overflow does not occur when changing X +- C1 cmp C2 to X cmp C2 -+ C1 [[01;35m[K-Wstrict-overflow[m[K]
[01m[K/home/egronda/sunfest_2019/src/catkin_ws/build/libcaer_catkin/libcaer_src-prefix/src/libcaer_src/src/dvs132s.c:1037:6:[m[K [01;35m[Kwarning: [m[Kassuming signed overflow does not occur when changing X +- C1 cmp C2 to X cmp C2 -+ C1 [[01;35m[K-Wstrict-overflow[m[K]
In file included from [01m[K/home/egronda/sunfest_2019/src/catkin_ws/build/libcaer_catkin/libcaer_src-prefix/src/libcaer_src/src/data_exchange.h:12:0[m[K,
                 from [01m[K/home/egronda/sunfest_2019/src/catkin_ws/build/libcaer_catkin/libcaer_src-prefix/src/libcaer_src/src/container_generation.h:8[m[K,
                 from [01m[K/home/egronda/sunfest_2019/src/catkin_ws/build/libcaer_catkin/libcaer_src-prefix/src/libcaer_src/src/davis_common.h:10[m[K,
                 from [01m[K/home/egronda/sunfest_2019/src/catkin_ws/build/libcaer_catkin/libcaer_src-prefix/src/libcaer_src/src/davis_rpi.h:4[m[K,
                 from [01m[K/home/egronda/sunfest_2019/src/catkin_ws/build/libcaer_catkin/libcaer_src-prefix/src/libcaer_src/src/davis_rpi.c:1[m[K:
[01m[K/home/egronda/sunfest_2019/src/catkin_ws/build/libcaer_catkin/libcaer_src-prefix/src/libcaer_src/src/c11threads_posix.h:[m[K In function ‘[01m[Kthrd_create[m[K’:
[01m[K/home/egronda/sunfest_2019/src/catkin_ws/build/libcaer_catkin/libcaer_src-prefix/src/libcaer_src/src/c11threads_posix.h:43:32:[m[K [01;35m[Kwarning: [m[Kunknown option after ‘[01m[K#pragma GCC diagnostic[m[K’ kind [[01;35m[K-Wpragmas[m[K]
 #pragma GCC diagnostic ignored [01;35m[K"-Wcast-function-type"[m[K
                                [01;35m[K^~~~~~~~~~~~~~~~~~~~~~[m[K
In file included from [01m[K/home/egronda/sunfest_2019/src/catkin_ws/build/libcaer_catkin/libcaer_src-prefix/src/libcaer_src/include/libcaer/devices/../events/frame.h:19:0[m[K,
                 from [01m[K/home/egronda/sunfest_2019/src/catkin_ws/build/libcaer_catkin/libcaer_src-prefix/src/libcaer_src/include/libcaer/devices/davis.h:10[m[K,
                 from [01m[K/home/egronda/sunfest_2019/src/catkin_ws/build/libcaer_catkin/libcaer_src-prefix/src/libcaer_src/src/davis_common.h:4[m[K,
                 from [01m[K/home/egronda/sunfest_2019/src/catkin_ws/build/libcaer_catkin/libcaer_src-prefix/src/libcaer_src/src/davis_rpi.h:4[m[K,
                 from [01m[K/home/egronda/sunfest_2019/src/catkin_ws/build/libcaer_catkin/libcaer_src-prefix/src/libcaer_src/src/davis_rpi.c:1[m[K:
[01m[K/home/egronda/sunfest_2019/src/catkin_ws/build/libcaer_catkin/libcaer_src-prefix/src/libcaer_src/src/davis_common.h:[m[K In function ‘[01m[KfreeAllDataMemory[m[K’:
[01m[K/home/egronda/sunfest_2019/src/catkin_ws/build/libcaer_catkin/libcaer_src-prefix/src/libcaer_src/include/libcaer/devices/../events/common.h:416:12:[m[K [01;35m[Kwarning: [m[Kassuming signed overflow does not occur when reducing constant in comparison [[01;35m[K-Wstrict-overflow[m[K]
  if ([01;35m[Kn < 0 || n >= caerEventPacketHeaderGetEventNumber(headerPtr)[m[K) {
      [01;35m[K~~~~~~^~~~~~~~~~~~~~~~~~~~~~~~~~~~~~~~~~~~~~~~~~~~~~~~~~~~~~[m[K
[01m[K/home/egronda/sunfest_2019/src/catkin_ws/build/libcaer_catkin/libcaer_src-prefix/src/libcaer_src/include/libcaer/devices/../events/common.h:416:12:[m[K [01;35m[Kwarning: [m[Kassuming signed overflow does not occur when reducing constant in comparison [[01;35m[K-Wstrict-overflow[m[K]
  if ([01;35m[Kn < 0 || n >= caerEventPacketHeaderGetEventNumber(headerPtr)[m[K) {
      [01;35m[K~~~~~~^~~~~~~~~~~~~~~~~~~~~~~~~~~~~~~~~~~~~~~~~~~~~~~~~~~~~~[m[K
[01m[K/home/egronda/sunfest_2019/src/catkin_ws/build/libcaer_catkin/libcaer_src-prefix/src/libcaer_src/include/libcaer/devices/../events/common.h:416:12:[m[K [01;35m[Kwarning: [m[Kassuming signed overflow does not occur when reducing constant in comparison [[01;35m[K-Wstrict-overflow[m[K]
  if ([01;35m[Kn < 0 || n >= caerEventPacketHeaderGetEventNumber(headerPtr)[m[K) {
      [01;35m[K~~~~~~^~~~~~~~~~~~~~~~~~~~~~~~~~~~~~~~~~~~~~~~~~~~~~~~~~~~~~[m[K
[01m[K/home/egronda/sunfest_2019/src/catkin_ws/build/libcaer_catkin/libcaer_src-prefix/src/libcaer_src/include/libcaer/devices/../events/common.h:416:12:[m[K [01;35m[Kwarning: [m[Kassuming signed overflow does not occur when reducing constant in comparison [[01;35m[K-Wstrict-overflow[m[K]
  if ([01;35m[Kn < 0 || n >= caerEventPacketHeaderGetEventNumber(headerPtr)[m[K) {
      [01;35m[K~~~~~~^~~~~~~~~~~~~~~~~~~~~~~~~~~~~~~~~~~~~~~~~~~~~~~~~~~~~~[m[K
In file included from [01m[K/home/egronda/sunfest_2019/src/catkin_ws/build/libcaer_catkin/libcaer_src-prefix/src/libcaer_src/src/davis_rpi.h:4:0[m[K,
                 from [01m[K/home/egronda/sunfest_2019/src/catkin_ws/build/libcaer_catkin/libcaer_src-prefix/src/libcaer_src/src/davis_rpi.c:1[m[K:
[01m[K/home/egronda/sunfest_2019/src/catkin_ws/build/libcaer_catkin/libcaer_src-prefix/src/libcaer_src/src/davis_common.h:195:20:[m[K [01;35m[Kwarning: [m[Kassuming signed overflow does not occur when changing X +- C1 cmp C2 to X cmp C2 -+ C1 [[01;35m[K-Wstrict-overflow[m[K]
 static inline void [01;35m[KfreeAllDataMemory[m[K(davisCommonState state) {
                    [01;35m[K^~~~~~~~~~~~~~~~~[m[K
[01m[K/home/egronda/sunfest_2019/src/catkin_ws/build/libcaer_catkin/libcaer_src-prefix/src/libcaer_src/src/davis_common.h:195:20:[m[K [01;35m[Kwarning: [m[Kassuming signed overflow does not occur when changing X +- C1 cmp C2 to X cmp C2 -+ C1 [[01;35m[K-Wstrict-overflow[m[K]
[01m[K/home/egronda/sunfest_2019/src/catkin_ws/build/libcaer_catkin/libcaer_src-prefix/src/libcaer_src/src/davis_common.h:195:20:[m[K [01;35m[Kwarning: [m[Kassuming signed overflow does not occur when changing X +- C1 cmp C2 to X cmp C2 -+ C1 [[01;35m[K-Wstrict-overflow[m[K]
[01m[K/home/egronda/sunfest_2019/src/catkin_ws/build/libcaer_catkin/libcaer_src-prefix/src/libcaer_src/src/davis_common.h:195:20:[m[K [01;35m[Kwarning: [m[Kassuming signed overflow does not occur when changing X +- C1 cmp C2 to X cmp C2 -+ C1 [[01;35m[K-Wstrict-overflow[m[K]
In file included from [01m[K/home/egronda/sunfest_2019/src/catkin_ws/build/libcaer_catkin/libcaer_src-prefix/src/libcaer_src/include/libcaer/devices/../events/frame.h:19:0[m[K,
                 from [01m[K/home/egronda/sunfest_2019/src/catkin_ws/build/libcaer_catkin/libcaer_src-prefix/src/libcaer_src/include/libcaer/devices/davis.h:10[m[K,
                 from [01m[K/home/egronda/sunfest_2019/src/catkin_ws/build/libcaer_catkin/libcaer_src-prefix/src/libcaer_src/src/davis_common.h:4[m[K,
                 from [01m[K/home/egronda/sunfest_2019/src/catkin_ws/build/libcaer_catkin/libcaer_src-prefix/src/libcaer_src/src/davis_rpi.h:4[m[K,
                 from [01m[K/home/egronda/sunfest_2019/src/catkin_ws/build/libcaer_catkin/libcaer_src-prefix/src/libcaer_src/src/davis_rpi.c:1[m[K:
[01m[K/home/egronda/sunfest_2019/src/catkin_ws/build/libcaer_catkin/libcaer_src-prefix/src/libcaer_src/src/davis_rpi.c:[m[K In function ‘[01m[KgpioThreadRun[m[K’:
[01m[K/home/egronda/sunfest_2019/src/catkin_ws/build/libcaer_catkin/libcaer_src-prefix/src/libcaer_src/include/libcaer/devices/../events/common.h:416:12:[m[K [01;35m[Kwarning: [m[Kassuming signed overflow does not occur when reducing constant in comparison [[01;35m[K-Wstrict-overflow[m[K]
  if ([01;35m[Kn < 0 || n >= caerEventPacketHeaderGetEventNumber(headerPtr)[m[K) {
      [01;35m[K~~~~~~^~~~~~~~~~~~~~~~~~~~~~~~~~~~~~~~~~~~~~~~~~~~~~~~~~~~~~[m[K
[01m[K/home/egronda/sunfest_2019/src/catkin_ws/build/libcaer_catkin/libcaer_src-prefix/src/libcaer_src/include/libcaer/devices/../events/common.h:416:12:[m[K [01;35m[Kwarning: [m[Kassuming signed overflow does not occur when reducing constant in comparison [[01;35m[K-Wstrict-overflow[m[K]
  if ([01;35m[Kn < 0 || n >= caerEventPacketHeaderGetEventNumber(headerPtr)[m[K) {
      [01;35m[K~~~~~~^~~~~~~~~~~~~~~~~~~~~~~~~~~~~~~~~~~~~~~~~~~~~~~~~~~~~~[m[K
[01m[K/home/egronda/sunfest_2019/src/catkin_ws/build/libcaer_catkin/libcaer_src-prefix/src/libcaer_src/include/libcaer/devices/../events/common.h:416:12:[m[K [01;35m[Kwarning: [m[Kassuming signed overflow does not occur when reducing constant in comparison [[01;35m[K-Wstrict-overflow[m[K]
  if ([01;35m[Kn < 0 || n >= caerEventPacketHeaderGetEventNumber(headerPtr)[m[K) {
      [01;35m[K~~~~~~^~~~~~~~~~~~~~~~~~~~~~~~~~~~~~~~~~~~~~~~~~~~~~~~~~~~~~[m[K
[01m[K/home/egronda/sunfest_2019/src/catkin_ws/build/libcaer_catkin/libcaer_src-prefix/src/libcaer_src/include/libcaer/devices/../events/common.h:416:12:[m[K [01;35m[Kwarning: [m[Kassuming signed overflow does not occur when reducing constant in comparison [[01;35m[K-Wstrict-overflow[m[K]
  if ([01;35m[Kn < 0 || n >= caerEventPacketHeaderGetEventNumber(headerPtr)[m[K) {
      [01;35m[K~~~~~~^~~~~~~~~~~~~~~~~~~~~~~~~~~~~~~~~~~~~~~~~~~~~~~~~~~~~~[m[K
[01m[K/home/egronda/sunfest_2019/src/catkin_ws/build/libcaer_catkin/libcaer_src-prefix/src/libcaer_src/include/libcaer/devices/../events/common.h:416:12:[m[K [01;35m[Kwarning: [m[Kassuming signed overflow does not occur when reducing constant in comparison [[01;35m[K-Wstrict-overflow[m[K]
  if ([01;35m[Kn < 0 || n >= caerEventPacketHeaderGetEventNumber(headerPtr)[m[K) {
      [01;35m[K~~~~~~^~~~~~~~~~~~~~~~~~~~~~~~~~~~~~~~~~~~~~~~~~~~~~~~~~~~~~[m[K
[01m[K/home/egronda/sunfest_2019/src/catkin_ws/build/libcaer_catkin/libcaer_src-prefix/src/libcaer_src/src/davis_rpi.c:370:12:[m[K [01;35m[Kwarning: [m[Kassuming signed overflow does not occur when changing X +- C1 cmp C2 to X cmp C2 -+ C1 [[01;35m[K-Wstrict-overflow[m[K]
 static int [01;35m[KgpioThreadRun[m[K(void *handlePtr) {
            [01;35m[K^~~~~~~~~~~~~[m[K
[01m[K/home/egronda/sunfest_2019/src/catkin_ws/build/libcaer_catkin/libcaer_src-prefix/src/libcaer_src/src/davis_rpi.c:370:12:[m[K [01;35m[Kwarning: [m[Kassuming signed overflow does not occur when changing X +- C1 cmp C2 to X cmp C2 -+ C1 [[01;35m[K-Wstrict-overflow[m[K]
[01m[K/home/egronda/sunfest_2019/src/catkin_ws/build/libcaer_catkin/libcaer_src-prefix/src/libcaer_src/src/davis_rpi.c:370:12:[m[K [01;35m[Kwarning: [m[Kassuming signed overflow does not occur when changing X +- C1 cmp C2 to X cmp C2 -+ C1 [[01;35m[K-Wstrict-overflow[m[K]
[01m[K/home/egronda/sunfest_2019/src/catkin_ws/build/libcaer_catkin/libcaer_src-prefix/src/libcaer_src/src/davis_rpi.c:370:12:[m[K [01;35m[Kwarning: [m[Kassuming signed overflow does not occur when changing X +- C1 cmp C2 to X cmp C2 -+ C1 [[01;35m[K-Wstrict-overflow[m[K]
[01m[K/home/egronda/sunfest_2019/src/catkin_ws/build/libcaer_catkin/libcaer_src-prefix/src/libcaer_src/src/davis_rpi.c:370:12:[m[K [01;35m[Kwarning: [m[Kassuming signed overflow does not occur when changing X +- C1 cmp C2 to X cmp C2 -+ C1 [[01;35m[K-Wstrict-overflow[m[K]
make[3]: warning: jobserver unavailable: using -j1.  Add '+' to parent make rule.
